Starting a Gradle Daemon, 1 busy and 5 stopped Daemons could not be reused, use --status for details

> Configure project :apps:mobile
Declaring dependencies using multi-string notation has been deprecated. This will fail with an error in Gradle 10. Please use single-string notation instead: "com.android.tools.lint:lint-gradle:31.12.3". Consult the upgrading guide for further information: https://docs.gradle.org/9.2.1/userguide/upgrading_version_9.html#dependency_multi_string_notation
Declaring dependencies using multi-string notation has been deprecated. This will fail with an error in Gradle 10. Please use single-string notation instead: "com.android.tools.build:aapt2:8.12.3-13700139:osx". Consult the upgrading guide for further information: https://docs.gradle.org/9.2.1/userguide/upgrading_version_9.html#dependency_multi_string_notation
The archives configuration has been deprecated for artifact declaration. This will fail with an error in Gradle 10. Add artifacts as direct task dependencies of the 'assemble' task instead of declaring them in the archives configuration. Consult the upgrading guide for further information: https://docs.gradle.org/9.2.1/userguide/upgrading_version_9.html#sec:archives-configuration
w: [33m[1mâš ï¸ The 'org.jetbrains.kotlin.multiplatform' plugin deprecated compatibility with Android Gradle plugin: 'com.android.application'[0m[0m
The 'org.jetbrains.kotlin.multiplatform' plugin will not be compatible with 'com.android.application' starting with Android Gradle Plugin 9.0.0.

Please change the structure of the your project and move the usage of 'com.android.application' into a separate subproject. The new subproject should add a dependency on this KMP subproject.

Read more: https://kotl.in/kmp-project-structure-migration
[32m[1mSolution:[0m[0m
[32m[3mPlease change the structure of your project and move the usage of 'com.android.application' into a separate subproject.[0m[0m
[36mSee [0m[34mhttps://kotl.in/gradle/agp-new-kmp[0m[36m for more details.[0m


> Configure project :shared:common-api
w: [33m[1mâš ï¸ The 'org.jetbrains.kotlin.multiplatform' plugin deprecated compatibility with Android Gradle plugin: 'com.android.library'[0m[0m
The 'org.jetbrains.kotlin.multiplatform' plugin will not be compatible with 'com.android.library' starting with Android Gradle Plugin 9.0.0.
[32m[1mSolution:[0m[0m
[32m[3mPlease use the 'com.android.kotlin.multiplatform.library' plugin instead of 'com.android.library'.[0m[0m
[36mSee [0m[34mhttps://kotl.in/gradle/agp-new-kmp[0m[36m for more details.[0m


> Configure project :shared:domain
w: [33m[1mâš ï¸ The 'org.jetbrains.kotlin.multiplatform' plugin deprecated compatibility with Android Gradle plugin: 'com.android.library'[0m[0m
The 'org.jetbrains.kotlin.multiplatform' plugin will not be compatible with 'com.android.library' starting with Android Gradle Plugin 9.0.0.
[32m[1mSolution:[0m[0m
[32m[3mPlease use the 'com.android.kotlin.multiplatform.library' plugin instead of 'com.android.library'.[0m[0m
[36mSee [0m[34mhttps://kotl.in/gradle/agp-new-kmp[0m[36m for more details.[0m


> Configure project :shared:ui-common
w: [33m[1mâš ï¸ The 'org.jetbrains.kotlin.multiplatform' plugin deprecated compatibility with Android Gradle plugin: 'com.android.library'[0m[0m
The 'org.jetbrains.kotlin.multiplatform' plugin will not be compatible with 'com.android.library' starting with Android Gradle Plugin 9.0.0.
[32m[1mSolution:[0m[0m
[32m[3mPlease use the 'com.android.kotlin.multiplatform.library' plugin instead of 'com.android.library'.[0m[0m
[36mSee [0m[34mhttps://kotl.in/gradle/agp-new-kmp[0m[36m for more details.[0m

Invalid Java installation found at '/Users/damekjan/Library/Java/JavaVirtualMachines/liberica-1.8.0_452' (IntelliJ) auto-detected. It will be re-checked in the next build. This might have performance impact if it keeps failing. Run the 'javaToolchains' task for more details.

> Task :apps:desktop:checkKotlinGradlePluginConfigurationErrors SKIPPED
> Task :backend:common-services:checkKotlinGradlePluginConfigurationErrors SKIPPED
> Task :backend:server:checkKotlinGradlePluginConfigurationErrors SKIPPED
> Task :shared:common-dto:kmpPartiallyResolvedDependenciesChecker
> Task :shared:common-dto:checkKotlinGradlePluginConfigurationErrors SKIPPED
> Task :apps:desktop:convertXmlValueResourcesForMain NO-SOURCE
> Task :backend:common-services:processResources NO-SOURCE
> Task :backend:common-services:check
> Task :backend:service-aider:checkKotlinGradlePluginConfigurationErrors SKIPPED
> Task :apps:desktop:copyNonXmlValueResourcesForMain NO-SOURCE
> Task :backend:service-aider:processResources NO-SOURCE
> Task :backend:service-aider:check
> Task :apps:desktop:prepareComposeResourcesTaskForMain NO-SOURCE
> Task :backend:service-atlassian:checkKotlinGradlePluginConfigurationErrors SKIPPED
> Task :apps:desktop:generateResourceAccessorsForMain SKIPPED
> Task :apps:desktop:generateActualResourceCollectorsForMain SKIPPED
> Task :apps:desktop:generateComposeResClass SKIPPED
> Task :backend:service-atlassian:processResources UP-TO-DATE
> Task :apps:desktop:assembleMainResources UP-TO-DATE
> Task :backend:server:processResources UP-TO-DATE
> Task :backend:server:check
> Task :backend:service-atlassian:check
> Task :backend:service-coding-engine:checkKotlinGradlePluginConfigurationErrors SKIPPED
> Task :backend:service-joern:checkKotlinGradlePluginConfigurationErrors SKIPPED
> Task :backend:service-coding-engine:processResources UP-TO-DATE
> Task :backend:service-coding-engine:check
> Task :backend:service-junie:checkKotlinGradlePluginConfigurationErrors SKIPPED
> Task :backend:service-joern:processResources UP-TO-DATE
> Task :backend:service-joern:check
> Task :backend:service-junie:processResources NO-SOURCE
> Task :backend:service-tika:checkKotlinGradlePluginConfigurationErrors SKIPPED
> Task :backend:service-junie:check
> Task :backend:service-whisper:checkKotlinGradlePluginConfigurationErrors SKIPPED
> Task :backend:service-tika:processResources NO-SOURCE
> Task :backend:service-tika:check
> Task :backend:service-whisper:processResources UP-TO-DATE
> Task :backend:service-whisper:check
> Task :apps:desktop:processResources UP-TO-DATE
> Task :apps:desktop:check
> Task :shared:common-api:kmpPartiallyResolvedDependenciesChecker
> Task :shared:common-api:checkKotlinGradlePluginConfigurationErrors SKIPPED
> Task :shared:common-api:jvmProcessResources NO-SOURCE
> Task :shared:common-api:processJvmMainResources SKIPPED
> Task :shared:common-api:metadataCommonMainProcessResources NO-SOURCE
> Task :shared:domain:kmpPartiallyResolvedDependenciesChecker
> Task :shared:domain:checkKotlinGradlePluginConfigurationErrors SKIPPED
> Task :shared:domain:jvmProcessResources UP-TO-DATE
> Task :shared:domain:processJvmMainResources SKIPPED
> Task :shared:domain:metadataCommonMainProcessResources UP-TO-DATE
> Task :apps:mobile:kmpPartiallyResolvedDependenciesChecker
> Task :apps:mobile:checkKotlinGradlePluginConfigurationErrors SKIPPED
> Task :apps:mobile:generateComposeResClass SKIPPED
> Task :apps:mobile:generateExpectResourceCollectorsForCommonMain SKIPPED
> Task :apps:mobile:convertXmlValueResourcesForCommonMain NO-SOURCE
> Task :apps:mobile:copyNonXmlValueResourcesForCommonMain NO-SOURCE
> Task :apps:mobile:prepareComposeResourcesTaskForCommonMain NO-SOURCE
> Task :apps:mobile:generateResourceAccessorsForCommonMain SKIPPED
> Task :apps:mobile:metadataCommonMainProcessResources NO-SOURCE
> Task :apps:mobile:preBuild UP-TO-DATE
> Task :apps:mobile:preDebugBuild UP-TO-DATE
> Task :apps:mobile:mergeDebugNativeDebugMetadata NO-SOURCE
> Task :apps:mobile:convertXmlValueResourcesForAndroidMain NO-SOURCE
> Task :apps:mobile:copyNonXmlValueResourcesForAndroidMain NO-SOURCE
> Task :apps:mobile:prepareComposeResourcesTaskForAndroidMain NO-SOURCE
> Task :apps:mobile:generateResourceAccessorsForAndroidMain SKIPPED
> Task :apps:mobile:generateActualResourceCollectorsForAndroidMain SKIPPED
> Task :apps:mobile:convertXmlValueResourcesForAndroidDebug NO-SOURCE
> Task :apps:mobile:copyNonXmlValueResourcesForAndroidDebug NO-SOURCE
> Task :apps:mobile:prepareComposeResourcesTaskForAndroidDebug NO-SOURCE
> Task :apps:mobile:generateResourceAccessorsForAndroidDebug SKIPPED
> Task :apps:mobile:generateDebugResValues UP-TO-DATE
> Task :apps:mobile:generateDebugResources UP-TO-DATE
> Task :shared:ui-common:kmpPartiallyResolvedDependenciesChecker
> Task :shared:ui-common:checkKotlinGradlePluginConfigurationErrors SKIPPED
> Task :shared:ui-common:convertXmlValueResourcesForCommonMain NO-SOURCE
> Task :shared:ui-common:copyNonXmlValueResourcesForCommonMain NO-SOURCE
> Task :shared:ui-common:prepareComposeResourcesTaskForCommonMain NO-SOURCE
> Task :shared:ui-common:generateResourceAccessorsForCommonMain NO-SOURCE
> Task :shared:ui-common:convertXmlValueResourcesForJvmMain NO-SOURCE
> Task :shared:ui-common:copyNonXmlValueResourcesForJvmMain NO-SOURCE
> Task :shared:ui-common:prepareComposeResourcesTaskForJvmMain NO-SOURCE
> Task :shared:ui-common:generateResourceAccessorsForJvmMain NO-SOURCE
> Task :shared:ui-common:generateActualResourceCollectorsForJvmMain UP-TO-DATE
> Task :apps:mobile:packageDebugResources UP-TO-DATE
> Task :shared:ui-common:generateComposeResClass UP-TO-DATE
> Task :shared:ui-common:generateExpectResourceCollectorsForCommonMain UP-TO-DATE
> Task :apps:mobile:parseDebugLocalResources UP-TO-DATE
> Task :shared:ui-common:assembleJvmMainResources UP-TO-DATE
> Task :apps:mobile:createDebugCompatibleScreenManifests UP-TO-DATE
> Task :apps:mobile:extractDeepLinksDebug UP-TO-DATE
> Task :apps:mobile:javaPreCompileDebug UP-TO-DATE
> Task :apps:mobile:mergeDebugShaders UP-TO-DATE
> Task :apps:mobile:compileDebugShaders NO-SOURCE
> Task :apps:mobile:copyDebugComposeResourcesToAndroidAssets UP-TO-DATE
> Task :apps:mobile:debugAssetsCopyForAGP NO-SOURCE
> Task :apps:mobile:generateDebugAssets UP-TO-DATE

> Task :shared:common-api:commonizeNativeDistribution
Declaring dependencies using multi-string notation has been deprecated. This will fail with an error in Gradle 10. Please use single-string notation instead: "org.jetbrains.kotlin:kotlin-native-prebuilt:2.3.0:macos-aarch64@tar.gz". Consult the upgrading guide for further information: https://docs.gradle.org/9.2.1/userguide/upgrading_version_9.html#dependency_multi_string_notation

> Task :shared:ui-common:jvmProcessResources UP-TO-DATE
> Task :shared:ui-common:processJvmMainResources SKIPPED
> Task :shared:ui-common:metadataCommonMainProcessResources NO-SOURCE
> Task :shared:common-dto:compileKotlinJvm UP-TO-DATE
> Task :shared:common-dto:compileJvmMainJava NO-SOURCE
> Task :shared:common-dto:jvmProcessResources NO-SOURCE
> Task :shared:common-dto:processJvmMainResources SKIPPED
> Task :shared:common-dto:jvmMainClasses UP-TO-DATE
> Task :shared:common-dto:jvmJar UP-TO-DATE
> Task :shared:common-api:commonizeNativeDistribution UP-TO-DATE
> Task :shared:ui-common:commonizeNativeDistribution UP-TO-DATE
> Task :shared:domain:commonizeNativeDistribution UP-TO-DATE
> Task :shared:ui-common:convertXmlValueResourcesForNativeMain NO-SOURCE
> Task :shared:ui-common:copyNonXmlValueResourcesForNativeMain NO-SOURCE
> Task :shared:domain:metadataNativeMainProcessResources UP-TO-DATE
> Task :shared:ui-common:prepareComposeResourcesTaskForNativeMain NO-SOURCE
> Task :shared:domain:metadataAppleMainProcessResources UP-TO-DATE
> Task :shared:ui-common:generateResourceAccessorsForNativeMain NO-SOURCE
> Task :shared:domain:metadataIosMainProcessResources UP-TO-DATE
> Task :shared:ui-common:convertXmlValueResourcesForAppleMain NO-SOURCE
> Task :shared:ui-common:copyNonXmlValueResourcesForAppleMain NO-SOURCE
> Task :shared:ui-common:prepareComposeResourcesTaskForAppleMain NO-SOURCE
> Task :shared:ui-common:generateResourceAccessorsForAppleMain NO-SOURCE
> Task :shared:domain:exportRootPublicationCoordinatesForMetadataApiElements UP-TO-DATE
> Task :shared:domain:preBuild UP-TO-DATE
> Task :shared:domain:preDebugBuild UP-TO-DATE
> Task :shared:domain:writeDebugAarMetadata UP-TO-DATE
> Task :shared:ui-common:metadataNativeMainProcessResources NO-SOURCE
> Task :shared:ui-common:convertXmlValueResourcesForIosMain NO-SOURCE
> Task :shared:ui-common:copyNonXmlValueResourcesForIosMain NO-SOURCE
> Task :shared:ui-common:prepareComposeResourcesTaskForIosMain NO-SOURCE
> Task :shared:domain:generateDebugResValues UP-TO-DATE
> Task :shared:ui-common:generateResourceAccessorsForIosMain NO-SOURCE
> Task :shared:ui-common:metadataAppleMainProcessResources NO-SOURCE
> Task :shared:ui-common:metadataIosMainProcessResources NO-SOURCE
> Task :shared:ui-common:exportRootPublicationCoordinatesForMetadataApiElements UP-TO-DATE
> Task :shared:ui-common:preBuild UP-TO-DATE
> Task :shared:ui-common:preDebugBuild UP-TO-DATE
> Task :shared:ui-common:writeDebugAarMetadata UP-TO-DATE
> Task :apps:mobile:desugarDebugFileDependencies UP-TO-DATE
> Task :shared:ui-common:generateDebugResValues UP-TO-DATE
> Task :shared:domain:generateDebugResources UP-TO-DATE
> Task :shared:ui-common:generateDebugResources UP-TO-DATE
> Task :shared:domain:packageDebugResources UP-TO-DATE
> Task :shared:ui-common:packageDebugResources UP-TO-DATE
> Task :shared:ui-common:extractDeepLinksDebug UP-TO-DATE
> Task :shared:domain:extractDeepLinksDebug UP-TO-DATE
> Task :shared:domain:processDebugManifest UP-TO-DATE
> Task :shared:ui-common:processDebugManifest UP-TO-DATE
> Task :shared:ui-common:compileDebugLibraryResources UP-TO-DATE
> Task :shared:domain:compileDebugLibraryResources UP-TO-DATE
> Task :shared:domain:parseDebugLocalResources UP-TO-DATE
> Task :shared:ui-common:parseDebugLocalResources UP-TO-DATE
> Task :shared:ui-common:generateDebugRFile UP-TO-DATE
> Task :shared:domain:generateDebugRFile UP-TO-DATE
> Task :shared:ui-common:convertXmlValueResourcesForAndroidMain NO-SOURCE
> Task :shared:domain:javaPreCompileDebug UP-TO-DATE
> Task :shared:ui-common:copyNonXmlValueResourcesForAndroidMain NO-SOURCE
> Task :shared:domain:mergeDebugShaders UP-TO-DATE
> Task :shared:ui-common:prepareComposeResourcesTaskForAndroidMain NO-SOURCE
> Task :shared:ui-common:generateResourceAccessorsForAndroidMain NO-SOURCE
> Task :shared:domain:compileDebugShaders NO-SOURCE
> Task :shared:domain:debugAssetsCopyForAGP NO-SOURCE
> Task :shared:domain:generateDebugAssets UP-TO-DATE
> Task :shared:ui-common:generateActualResourceCollectorsForAndroidMain UP-TO-DATE
> Task :shared:ui-common:convertXmlValueResourcesForAndroidDebug NO-SOURCE
> Task :shared:domain:mergeDebugAssets UP-TO-DATE
> Task :shared:ui-common:copyNonXmlValueResourcesForAndroidDebug NO-SOURCE
> Task :shared:ui-common:prepareComposeResourcesTaskForAndroidDebug NO-SOURCE
> Task :shared:domain:mergeDebugJniLibFolders UP-TO-DATE
> Task :shared:ui-common:generateResourceAccessorsForAndroidDebug NO-SOURCE
> Task :shared:domain:mergeDebugNativeLibs NO-SOURCE
> Task :shared:ui-common:javaPreCompileDebug UP-TO-DATE
> Task :shared:domain:copyDebugJniLibsProjectOnly UP-TO-DATE
> Task :shared:domain:preReleaseBuild UP-TO-DATE
> Task :shared:ui-common:mergeDebugShaders UP-TO-DATE
> Task :shared:ui-common:compileDebugShaders NO-SOURCE
> Task :shared:domain:mergeReleaseJniLibFolders UP-TO-DATE
> Task :shared:domain:mergeReleaseNativeLibs NO-SOURCE
> Task :shared:ui-common:copyDebugComposeResourcesToAndroidAssets UP-TO-DATE
> Task :shared:domain:copyReleaseJniLibsProjectOnly UP-TO-DATE
> Task :shared:ui-common:debugAssetsCopyForAGP NO-SOURCE
> Task :shared:ui-common:generateDebugAssets UP-TO-DATE
> Task :shared:ui-common:mergeDebugAssets UP-TO-DATE
> Task :shared:domain:generateReleaseResValues UP-TO-DATE
> Task :shared:domain:generateReleaseResources UP-TO-DATE
> Task :shared:ui-common:mergeDebugJniLibFolders UP-TO-DATE
> Task :shared:ui-common:mergeDebugNativeLibs NO-SOURCE
> Task :shared:ui-common:copyDebugJniLibsProjectOnly UP-TO-DATE
> Task :shared:ui-common:preReleaseBuild UP-TO-DATE
> Task :shared:domain:packageReleaseResources UP-TO-DATE
> Task :shared:domain:parseReleaseLocalResources UP-TO-DATE
> Task :shared:ui-common:mergeReleaseJniLibFolders UP-TO-DATE
> Task :shared:domain:generateReleaseRFile UP-TO-DATE
> Task :shared:ui-common:mergeReleaseNativeLibs NO-SOURCE
> Task :shared:ui-common:copyReleaseJniLibsProjectOnly UP-TO-DATE
> Task :shared:domain:javaPreCompileRelease UP-TO-DATE
> Task :shared:ui-common:generateReleaseResValues UP-TO-DATE
> Task :shared:domain:writeReleaseAarMetadata UP-TO-DATE
> Task :shared:ui-common:generateReleaseResources UP-TO-DATE
> Task :shared:domain:extractDeepLinksRelease UP-TO-DATE
> Task :shared:ui-common:packageReleaseResources UP-TO-DATE
> Task :shared:domain:processReleaseManifest UP-TO-DATE
> Task :shared:ui-common:parseReleaseLocalResources UP-TO-DATE
> Task :shared:domain:compileReleaseLibraryResources UP-TO-DATE
> Task :shared:domain:prepareReleaseArtProfile UP-TO-DATE
> Task :shared:domain:mergeReleaseShaders UP-TO-DATE
> Task :shared:ui-common:generateReleaseRFile UP-TO-DATE
> Task :shared:domain:compileReleaseShaders NO-SOURCE
> Task :shared:domain:generateReleaseAssets UP-TO-DATE
> Task :shared:ui-common:convertXmlValueResourcesForAndroidRelease NO-SOURCE
> Task :shared:domain:releaseAssetsCopyForAGP NO-SOURCE
> Task :shared:ui-common:copyNonXmlValueResourcesForAndroidRelease NO-SOURCE
> Task :shared:ui-common:prepareComposeResourcesTaskForAndroidRelease NO-SOURCE
> Task :shared:domain:mergeReleaseAssets UP-TO-DATE
> Task :shared:ui-common:generateResourceAccessorsForAndroidRelease NO-SOURCE
> Task :shared:common-dto:transformCommonMainDependenciesMetadata UP-TO-DATE
> Task :shared:domain:extractProguardFiles UP-TO-DATE
> Task :shared:ui-common:javaPreCompileRelease UP-TO-DATE
> Task :shared:domain:prepareLintJarForPublish UP-TO-DATE
> Task :apps:mobile:checkDebugDuplicateClasses UP-TO-DATE
> Task :shared:ui-common:writeReleaseAarMetadata UP-TO-DATE
> Task :shared:domain:stripReleaseDebugSymbols NO-SOURCE
> Task :shared:common-api:compileKotlinJvm UP-TO-DATE
> Task :shared:ui-common:extractDeepLinksRelease UP-TO-DATE
> Task :shared:common-api:compileJvmMainJava NO-SOURCE
> Task :shared:common-api:jvmMainClasses UP-TO-DATE
> Task :shared:domain:copyReleaseJniLibsProjectAndLocalJars UP-TO-DATE
> Task :shared:domain:extractDeepLinksForAarRelease UP-TO-DATE
> Task :shared:common-api:jvmJar UP-TO-DATE
> Task :shared:common-api:metadataNativeMainProcessResources NO-SOURCE
> Task :shared:common-api:metadataAppleMainProcessResources NO-SOURCE
> Task :shared:common-api:metadataIosMainProcessResources NO-SOURCE
> Task :shared:common-api:exportRootPublicationCoordinatesForMetadataApiElements UP-TO-DATE
> Task :shared:common-api:preBuild UP-TO-DATE
> Task :shared:common-api:preDebugBuild UP-TO-DATE
> Task :shared:ui-common:processReleaseManifest UP-TO-DATE
> Task :shared:common-api:writeDebugAarMetadata UP-TO-DATE
> Task :shared:ui-common:compileReleaseLibraryResources UP-TO-DATE
> Task :shared:common-api:generateDebugResValues UP-TO-DATE
> Task :shared:ui-common:prepareReleaseArtProfile UP-TO-DATE
> Task :shared:common-api:generateDebugResources UP-TO-DATE
> Task :shared:ui-common:mergeReleaseShaders UP-TO-DATE
> Task :shared:ui-common:compileReleaseShaders NO-SOURCE
> Task :shared:ui-common:copyReleaseComposeResourcesToAndroidAssets UP-TO-DATE
> Task :shared:ui-common:generateReleaseAssets UP-TO-DATE
> Task :shared:ui-common:releaseAssetsCopyForAGP NO-SOURCE
> Task :shared:ui-common:mergeReleaseAssets UP-TO-DATE
> Task :shared:ui-common:convertXmlValueResourcesForAndroidUnitTest NO-SOURCE
> Task :shared:ui-common:copyNonXmlValueResourcesForAndroidUnitTest NO-SOURCE
> Task :shared:ui-common:prepareComposeResourcesTaskForAndroidUnitTest NO-SOURCE
> Task :shared:ui-common:generateResourceAccessorsForAndroidUnitTest NO-SOURCE
> Task :shared:ui-common:convertXmlValueResourcesForAndroidUnitTestDebug NO-SOURCE
> Task :shared:ui-common:copyNonXmlValueResourcesForAndroidUnitTestDebug NO-SOURCE
> Task :shared:common-api:packageDebugResources UP-TO-DATE
> Task :shared:ui-common:prepareComposeResourcesTaskForAndroidUnitTestDebug NO-SOURCE
> Task :shared:ui-common:generateResourceAccessorsForAndroidUnitTestDebug NO-SOURCE
> Task :shared:common-api:extractDeepLinksDebug UP-TO-DATE
> Task :shared:ui-common:convertXmlValueResourcesForAndroidUnitTestRelease NO-SOURCE
> Task :shared:ui-common:copyNonXmlValueResourcesForAndroidUnitTestRelease NO-SOURCE
> Task :shared:ui-common:prepareComposeResourcesTaskForAndroidUnitTestRelease NO-SOURCE
> Task :shared:ui-common:generateResourceAccessorsForAndroidUnitTestRelease NO-SOURCE
> Task :shared:ui-common:convertXmlValueResourcesForAppleTest NO-SOURCE
> Task :shared:ui-common:copyNonXmlValueResourcesForAppleTest NO-SOURCE
> Task :shared:common-api:processDebugManifest UP-TO-DATE
> Task :shared:ui-common:prepareComposeResourcesTaskForAppleTest NO-SOURCE
> Task :shared:ui-common:generateResourceAccessorsForAppleTest NO-SOURCE
> Task :shared:common-api:compileDebugLibraryResources UP-TO-DATE
> Task :shared:ui-common:convertXmlValueResourcesForCommonTest NO-SOURCE
> Task :shared:ui-common:copyNonXmlValueResourcesForCommonTest NO-SOURCE
> Task :shared:common-api:parseDebugLocalResources UP-TO-DATE
> Task :shared:ui-common:prepareComposeResourcesTaskForCommonTest NO-SOURCE
> Task :shared:ui-common:generateResourceAccessorsForCommonTest NO-SOURCE
> Task :shared:ui-common:convertXmlValueResourcesForIosArm64Main NO-SOURCE
> Task :shared:ui-common:copyNonXmlValueResourcesForIosArm64Main NO-SOURCE
> Task :shared:ui-common:prepareComposeResourcesTaskForIosArm64Main NO-SOURCE
> Task :shared:ui-common:generateResourceAccessorsForIosArm64Main NO-SOURCE
> Task :shared:common-api:generateDebugRFile UP-TO-DATE
> Task :shared:ui-common:convertXmlValueResourcesForIosArm64Test NO-SOURCE
> Task :shared:ui-common:copyNonXmlValueResourcesForIosArm64Test NO-SOURCE
> Task :shared:ui-common:prepareComposeResourcesTaskForIosArm64Test NO-SOURCE
> Task :shared:ui-common:generateResourceAccessorsForIosArm64Test NO-SOURCE
> Task :shared:ui-common:convertXmlValueResourcesForIosSimulatorArm64Main NO-SOURCE
> Task :shared:ui-common:copyNonXmlValueResourcesForIosSimulatorArm64Main NO-SOURCE
> Task :shared:ui-common:prepareComposeResourcesTaskForIosSimulatorArm64Main NO-SOURCE
> Task :shared:ui-common:generateResourceAccessorsForIosSimulatorArm64Main NO-SOURCE
> Task :shared:ui-common:convertXmlValueResourcesForIosSimulatorArm64Test NO-SOURCE
> Task :shared:ui-common:copyNonXmlValueResourcesForIosSimulatorArm64Test NO-SOURCE
> Task :shared:common-dto:compileCommonMainKotlinMetadata UP-TO-DATE
> Task :shared:ui-common:prepareComposeResourcesTaskForIosSimulatorArm64Test NO-SOURCE
> Task :shared:ui-common:generateResourceAccessorsForIosSimulatorArm64Test NO-SOURCE
> Task :shared:ui-common:convertXmlValueResourcesForIosTest NO-SOURCE
> Task :shared:ui-common:copyNonXmlValueResourcesForIosTest NO-SOURCE
> Task :shared:ui-common:prepareComposeResourcesTaskForIosTest NO-SOURCE
> Task :shared:ui-common:generateResourceAccessorsForIosTest NO-SOURCE
> Task :shared:common-dto:generateProjectStructureMetadata UP-TO-DATE
> Task :shared:ui-common:convertXmlValueResourcesForIosX64Main NO-SOURCE
> Task :shared:common-dto:metadataCommonMainProcessResources NO-SOURCE
> Task :shared:common-dto:metadataCommonMainClasses UP-TO-DATE
> Task :shared:ui-common:copyNonXmlValueResourcesForIosX64Main NO-SOURCE
> Task :shared:ui-common:prepareComposeResourcesTaskForIosX64Main NO-SOURCE
> Task :shared:ui-common:generateResourceAccessorsForIosX64Main NO-SOURCE
> Task :shared:common-dto:allMetadataJar UP-TO-DATE
> Task :shared:ui-common:convertXmlValueResourcesForIosX64Test NO-SOURCE
> Task :shared:ui-common:copyNonXmlValueResourcesForIosX64Test NO-SOURCE
> Task :shared:ui-common:prepareComposeResourcesTaskForIosX64Test NO-SOURCE
> Task :shared:ui-common:generateResourceAccessorsForIosX64Test NO-SOURCE
> Task :shared:ui-common:convertXmlValueResourcesForJvmTest NO-SOURCE
> Task :shared:ui-common:copyNonXmlValueResourcesForJvmTest NO-SOURCE
> Task :shared:ui-common:prepareComposeResourcesTaskForJvmTest NO-SOURCE
> Task :shared:ui-common:generateResourceAccessorsForJvmTest NO-SOURCE
> Task :shared:ui-common:convertXmlValueResourcesForNativeTest NO-SOURCE
> Task :shared:common-dto:commonizeNativeDistribution UP-TO-DATE
> Task :shared:ui-common:copyNonXmlValueResourcesForNativeTest NO-SOURCE
> Task :shared:ui-common:prepareComposeResourcesTaskForNativeTest NO-SOURCE
> Task :shared:ui-common:generateResourceAccessorsForNativeTest NO-SOURCE
> Task :shared:ui-common:extractProguardFiles UP-TO-DATE
> Task :shared:common-dto:transformNativeMainDependenciesMetadata UP-TO-DATE
> Task :shared:ui-common:prepareLintJarForPublish UP-TO-DATE
> Task :shared:ui-common:stripReleaseDebugSymbols NO-SOURCE
> Task :shared:common-dto:compileNativeMainKotlinMetadata NO-SOURCE
> Task :shared:common-dto:metadataNativeMainProcessResources NO-SOURCE
> Task :shared:common-dto:metadataNativeMainClasses UP-TO-DATE
> Task :shared:ui-common:copyReleaseJniLibsProjectAndLocalJars UP-TO-DATE
> Task :shared:ui-common:extractDeepLinksForAarRelease UP-TO-DATE
> Task :shared:common-dto:transformAppleMainDependenciesMetadata UP-TO-DATE
> Task :shared:ui-common:writeReleaseLintModelMetadata UP-TO-DATE
> Task :shared:common-dto:compileAppleMainKotlinMetadata NO-SOURCE
> Task :shared:common-dto:metadataAppleMainProcessResources NO-SOURCE
> Task :shared:common-dto:metadataAppleMainClasses UP-TO-DATE
> Task :shared:common-dto:transformIosMainDependenciesMetadata UP-TO-DATE
> Task :shared:common-dto:compileIosMainKotlinMetadata NO-SOURCE
> Task :shared:common-dto:metadataIosMainProcessResources NO-SOURCE
> Task :shared:common-dto:metadataIosMainClasses UP-TO-DATE
> Task :shared:common-dto:exportCommonSourceSetsMetadataLocationsForMetadataApiElements UP-TO-DATE
> Task :shared:common-dto:iosArm64MetadataElements UP-TO-DATE
> Task :shared:common-dto:iosSimulatorArm64MetadataElements UP-TO-DATE
> Task :shared:common-dto:iosX64MetadataElements UP-TO-DATE
> Task :shared:common-dto:exportRootPublicationCoordinatesForMetadataApiElements UP-TO-DATE
> Task :apps:mobile:mergeExtDexDebug UP-TO-DATE
> Task :shared:ui-common:downloadKotlinNativeDistribution UP-TO-DATE
> Task :shared:common-dto:downloadKotlinNativeDistribution UP-TO-DATE
> Task :shared:common-api:compileDebugKotlinAndroid UP-TO-DATE
> Task :shared:domain:compileKotlinJvm UP-TO-DATE
> Task :shared:domain:compileJvmMainJava NO-SOURCE
> Task :shared:domain:jvmMainClasses UP-TO-DATE
> Task :shared:domain:jvmJar UP-TO-DATE
> Task :apps:mobile:generateProjectStructureMetadata UP-TO-DATE
> Task :shared:ui-common:generateProjectStructureMetadata UP-TO-DATE
> Task :shared:domain:generateProjectStructureMetadata UP-TO-DATE
> Task :shared:domain:writeReleaseLintModelMetadata UP-TO-DATE
> Task :shared:domain:downloadKotlinNativeDistribution UP-TO-DATE
> Task :shared:domain:stripDebugDebugSymbols NO-SOURCE
> Task :shared:domain:copyDebugJniLibsProjectAndLocalJars UP-TO-DATE
> Task :shared:domain:extractDeepLinksForAarDebug UP-TO-DATE
> Task :shared:domain:prepareDebugArtProfile UP-TO-DATE
> Task :shared:domain:writeDebugLintModelMetadata UP-TO-DATE
> Task :shared:domain:preDebugAndroidTestBuild UP-TO-DATE
> Task :shared:domain:generateDebugAndroidTestResValues UP-TO-DATE
> Task :shared:domain:preDebugUnitTestBuild UP-TO-DATE
> Task :shared:domain:iosArm64ProcessResources UP-TO-DATE
> Task :shared:domain:iosSimulatorArm64ProcessResources UP-TO-DATE
> Task :shared:domain:iosX64ProcessResources UP-TO-DATE
> Task :shared:domain:compileTestKotlinJvm NO-SOURCE
> Task :shared:domain:compileJvmTestJava NO-SOURCE
> Task :shared:domain:jvmTestProcessResources NO-SOURCE
> Task :shared:domain:processJvmTestResources SKIPPED
> Task :shared:domain:jvmTestClasses UP-TO-DATE
> Task :shared:domain:jvmTest NO-SOURCE
> Task :shared:domain:generateDebugUnitTestStubRFile UP-TO-DATE
> Task :shared:domain:javaPreCompileDebugUnitTest UP-TO-DATE
> Task :shared:domain:preReleaseUnitTestBuild UP-TO-DATE
> Task :shared:domain:javaPreCompileReleaseUnitTest UP-TO-DATE
> Task :apps:mobile:checkDebugAarMetadata UP-TO-DATE
> Task :backend:common-services:compileKotlin UP-TO-DATE
> Task :backend:common-services:compileJava NO-SOURCE
> Task :backend:common-services:classes UP-TO-DATE
> Task :backend:common-services:jar UP-TO-DATE
> Task :backend:common-services:assemble UP-TO-DATE
> Task :backend:common-services:build
> Task :apps:mobile:mapDebugSourceSetPaths UP-TO-DATE
> Task :shared:common-api:transformCommonMainDependenciesMetadata UP-TO-DATE
> Task :shared:ui-common:compileKotlinJvm UP-TO-DATE
> Task :shared:ui-common:compileJvmMainJava NO-SOURCE
> Task :shared:ui-common:jvmMainClasses UP-TO-DATE
> Task :shared:common-api:compileCommonMainKotlinMetadata UP-TO-DATE
> Task :shared:common-api:generateProjectStructureMetadata UP-TO-DATE
> Task :shared:common-api:metadataCommonMainClasses UP-TO-DATE
> Task :shared:common-api:allMetadataJar UP-TO-DATE
> Task :shared:ui-common:jvmJar UP-TO-DATE
> Task :apps:mobile:mergeDebugResources UP-TO-DATE
> Task :shared:common-api:transformNativeMainDependenciesMetadata UP-TO-DATE
> Task :shared:common-api:compileNativeMainKotlinMetadata NO-SOURCE
> Task :shared:common-api:metadataNativeMainClasses UP-TO-DATE
> Task :shared:common-api:transformAppleMainDependenciesMetadata UP-TO-DATE
> Task :shared:common-api:compileAppleMainKotlinMetadata NO-SOURCE
> Task :shared:common-api:metadataAppleMainClasses UP-TO-DATE
> Task :shared:common-api:transformIosMainDependenciesMetadata UP-TO-DATE
> Task :shared:common-api:compileIosMainKotlinMetadata NO-SOURCE
> Task :shared:common-api:metadataIosMainClasses UP-TO-DATE
> Task :shared:common-api:exportCommonSourceSetsMetadataLocationsForMetadataApiElements UP-TO-DATE
> Task :shared:common-api:iosArm64MetadataElements UP-TO-DATE
> Task :shared:common-api:iosSimulatorArm64MetadataElements UP-TO-DATE
> Task :shared:common-api:iosX64MetadataElements UP-TO-DATE
> Task :backend:service-coding-engine:compileKotlin UP-TO-DATE
> Task :apps:desktop:compileKotlin UP-TO-DATE
> Task :shared:common-api:javaPreCompileDebug UP-TO-DATE
> Task :apps:desktop:compileJava NO-SOURCE
> Task :apps:desktop:classes UP-TO-DATE
> Task :shared:common-api:compileDebugJavaWithJavac NO-SOURCE
> Task :backend:service-aider:compileKotlin UP-TO-DATE
> Task :apps:desktop:jar UP-TO-DATE
> Task :apps:desktop:assemble UP-TO-DATE
> Task :apps:desktop:build
> Task :shared:common-api:bundleLibCompileToJarDebug UP-TO-DATE
> Task :shared:ui-common:generateActualResourceCollectorsForIosArm64Main UP-TO-DATE
> Task :backend:service-aider:compileJava NO-SOURCE
> Task :backend:service-aider:classes UP-TO-DATE
> Task :shared:ui-common:generateActualResourceCollectorsForIosSimulatorArm64Main UP-TO-DATE
> Task :shared:common-api:mergeDebugShaders UP-TO-DATE
> Task :shared:common-api:compileDebugShaders NO-SOURCE
> Task :shared:common-api:debugAssetsCopyForAGP NO-SOURCE
> Task :shared:common-api:generateDebugAssets UP-TO-DATE
> Task :shared:ui-common:generateActualResourceCollectorsForIosX64Main UP-TO-DATE
> Task :shared:common-api:mergeDebugAssets UP-TO-DATE
> Task :shared:ui-common:assembleIosArm64MainResources UP-TO-DATE
> Task :shared:common-api:bundleLibRuntimeToJarDebug UP-TO-DATE
> Task :shared:ui-common:iosArm64CopyHierarchicalMultiplatformResources UP-TO-DATE
> Task :shared:common-api:processDebugJavaRes UP-TO-DATE
> Task :shared:ui-common:iosArm64ZipMultiplatformResourcesForPublication UP-TO-DATE
> Task :shared:ui-common:assembleIosSimulatorArm64MainResources UP-TO-DATE
> Task :shared:ui-common:iosSimulatorArm64CopyHierarchicalMultiplatformResources UP-TO-DATE
> Task :shared:ui-common:iosSimulatorArm64ZipMultiplatformResourcesForPublication UP-TO-DATE
> Task :shared:ui-common:assembleIosX64MainResources UP-TO-DATE
> Task :shared:ui-common:iosX64CopyHierarchicalMultiplatformResources UP-TO-DATE
> Task :shared:ui-common:iosX64ZipMultiplatformResourcesForPublication UP-TO-DATE
> Task :shared:ui-common:stripDebugDebugSymbols NO-SOURCE
> Task :shared:common-api:bundleLibRuntimeToDirDebug UP-TO-DATE
> Task :shared:ui-common:copyDebugJniLibsProjectAndLocalJars UP-TO-DATE
> Task :shared:common-api:mergeDebugJniLibFolders UP-TO-DATE
> Task :backend:service-atlassian:compileKotlin UP-TO-DATE
> Task :shared:ui-common:extractDeepLinksForAarDebug UP-TO-DATE
> Task :shared:common-api:mergeDebugNativeLibs NO-SOURCE
> Task :shared:common-api:copyDebugJniLibsProjectOnly UP-TO-DATE
> Task :shared:ui-common:prepareDebugArtProfile UP-TO-DATE
> Task :shared:common-api:preReleaseBuild UP-TO-DATE
> Task :shared:ui-common:writeDebugLintModelMetadata UP-TO-DATE
> Task :shared:ui-common:preDebugAndroidTestBuild UP-TO-DATE
> Task :shared:common-api:mergeReleaseJniLibFolders UP-TO-DATE
> Task :shared:ui-common:generateDebugAndroidTestResValues UP-TO-DATE
> Task :shared:ui-common:preDebugUnitTestBuild UP-TO-DATE
> Task :shared:common-api:mergeReleaseNativeLibs NO-SOURCE
> Task :shared:common-api:copyReleaseJniLibsProjectOnly UP-TO-DATE
> Task :backend:service-atlassian:compileJava NO-SOURCE
> Task :backend:service-atlassian:classes UP-TO-DATE
> Task :shared:common-api:generateReleaseResValues UP-TO-DATE
> Task :shared:common-api:generateReleaseResources UP-TO-DATE
> Task :backend:service-atlassian:jar UP-TO-DATE
> Task :backend:service-aider:jar UP-TO-DATE
> Task :shared:common-api:packageReleaseResources UP-TO-DATE
> Task :shared:common-api:parseReleaseLocalResources UP-TO-DATE
> Task :backend:service-aider:startScripts UP-TO-DATE
> Task :backend:service-atlassian:startScripts UP-TO-DATE
> Task :shared:common-api:generateReleaseRFile UP-TO-DATE
> Task :backend:service-aider:distTar UP-TO-DATE
> Task :backend:service-atlassian:distTar UP-TO-DATE
> Task :backend:service-aider:distZip UP-TO-DATE
> Task :backend:service-aider:assemble UP-TO-DATE
> Task :backend:service-aider:build
> Task :backend:service-atlassian:distZip UP-TO-DATE
> Task :backend:service-atlassian:assemble UP-TO-DATE
> Task :backend:service-atlassian:build
> Task :backend:service-coding-engine:compileJava NO-SOURCE
> Task :backend:service-coding-engine:classes UP-TO-DATE
> Task :backend:service-coding-engine:jar UP-TO-DATE
> Task :backend:service-coding-engine:startScripts UP-TO-DATE
> Task :backend:service-coding-engine:distTar UP-TO-DATE
> Task :backend:service-coding-engine:distZip UP-TO-DATE
> Task :backend:service-coding-engine:assemble UP-TO-DATE
> Task :backend:service-coding-engine:build
> Task :apps:mobile:processDebugMainManifest UP-TO-DATE
> Task :apps:mobile:processDebugManifest UP-TO-DATE
> Task :apps:mobile:processDebugManifestForPackage UP-TO-DATE
> Task :backend:service-joern:compileKotlin UP-TO-DATE
> Task :backend:service-junie:compileKotlin UP-TO-DATE
> Task :backend:service-junie:compileJava NO-SOURCE
> Task :backend:service-joern:compileJava NO-SOURCE
> Task :backend:service-junie:classes UP-TO-DATE
> Task :backend:service-joern:classes UP-TO-DATE
> Task :backend:service-joern:jar UP-TO-DATE
> Task :backend:service-joern:startScripts UP-TO-DATE
> Task :backend:service-joern:distTar UP-TO-DATE
> Task :shared:common-api:compileReleaseKotlinAndroid UP-TO-DATE
> Task :backend:service-joern:distZip UP-TO-DATE
> Task :backend:service-joern:assemble UP-TO-DATE
> Task :backend:service-joern:build
> Task :shared:common-api:javaPreCompileRelease UP-TO-DATE
> Task :backend:service-junie:jar UP-TO-DATE
> Task :shared:common-api:compileReleaseJavaWithJavac NO-SOURCE
> Task :backend:service-junie:startScripts UP-TO-DATE
> Task :shared:common-api:bundleLibCompileToJarRelease UP-TO-DATE
> Task :backend:service-junie:distTar UP-TO-DATE
> Task :backend:service-junie:distZip UP-TO-DATE
> Task :backend:service-junie:assemble UP-TO-DATE
> Task :backend:service-junie:build
> Task :shared:common-api:bundleLibRuntimeToDirRelease UP-TO-DATE
> Task :backend:service-whisper:compileKotlin UP-TO-DATE
> Task :shared:common-api:writeReleaseAarMetadata UP-TO-DATE
> Task :shared:common-api:extractDeepLinksRelease UP-TO-DATE
> Task :shared:common-api:processReleaseManifest UP-TO-DATE
> Task :shared:common-api:compileReleaseLibraryResources UP-TO-DATE
> Task :shared:common-api:prepareReleaseArtProfile UP-TO-DATE
> Task :shared:common-api:bundleLibRuntimeToJarRelease UP-TO-DATE
> Task :shared:common-api:mergeReleaseShaders UP-TO-DATE
> Task :shared:common-api:compileReleaseShaders NO-SOURCE
> Task :shared:common-api:generateReleaseAssets UP-TO-DATE
> Task :shared:common-api:releaseAssetsCopyForAGP NO-SOURCE
> Task :backend:service-whisper:compileJava NO-SOURCE
> Task :backend:service-whisper:classes UP-TO-DATE
> Task :shared:common-api:mergeReleaseAssets UP-TO-DATE
> Task :backend:service-whisper:jar UP-TO-DATE
> Task :shared:common-api:processReleaseJavaRes UP-TO-DATE
> Task :shared:common-api:createFullJarRelease UP-TO-DATE
> Task :backend:service-whisper:startScripts UP-TO-DATE
> Task :shared:common-api:extractProguardFiles UP-TO-DATE
> Task :backend:service-whisper:distTar UP-TO-DATE
> Task :backend:service-whisper:distZip UP-TO-DATE
> Task :backend:service-whisper:assemble UP-TO-DATE
> Task :backend:service-whisper:build
> Task :shared:common-api:generateReleaseLintModel UP-TO-DATE
> Task :shared:common-api:prepareLintJarForPublish UP-TO-DATE
> Task :shared:common-api:stripReleaseDebugSymbols NO-SOURCE
> Task :shared:common-api:copyReleaseJniLibsProjectAndLocalJars UP-TO-DATE
> Task :shared:common-api:extractDeepLinksForAarRelease UP-TO-DATE
> Task :shared:common-api:extractReleaseAnnotations UP-TO-DATE
> Task :shared:common-api:mergeReleaseGeneratedProguardFiles UP-TO-DATE
> Task :shared:common-api:mergeReleaseConsumerProguardFiles UP-TO-DATE
> Task :shared:common-api:mergeReleaseJavaResource UP-TO-DATE
> Task :backend:server:compileKotlin UP-TO-DATE
> Task :shared:common-dto:compileKotlinIosArm64 UP-TO-DATE
> Task :shared:common-api:syncReleaseLibJars UP-TO-DATE
> Task :backend:server:compileJava NO-SOURCE
> Task :backend:server:classes UP-TO-DATE
> Task :shared:common-api:bundleReleaseLocalLintAar UP-TO-DATE
> Task :backend:server:resolveMainClassName UP-TO-DATE
> Task :shared:common-api:lintVitalAnalyzeRelease UP-TO-DATE
> Task :shared:common-api:writeReleaseLintModelMetadata UP-TO-DATE
> Task :shared:common-api:generateReleaseLintVitalModel UP-TO-DATE
> Task :shared:common-api:downloadKotlinNativeDistribution UP-TO-DATE
> Task :shared:ui-common:mapReleaseSourceSetPaths UP-TO-DATE
> Task :shared:domain:transformCommonMainDependenciesMetadata UP-TO-DATE
> Task :backend:service-tika:compileKotlin UP-TO-DATE
> Task :backend:service-tika:compileJava NO-SOURCE
> Task :backend:service-tika:classes UP-TO-DATE
> Task :shared:domain:compileCommonMainKotlinMetadata UP-TO-DATE
> Task :shared:domain:metadataCommonMainClasses UP-TO-DATE
> Task :apps:mobile:processDebugResources UP-TO-DATE
> Task :shared:domain:allMetadataJar UP-TO-DATE
> Task :backend:service-tika:jar UP-TO-DATE
> Task :backend:service-tika:startScripts UP-TO-DATE
> Task :shared:domain:transformNativeMainDependenciesMetadata UP-TO-DATE
> Task :shared:domain:compileNativeMainKotlinMetadata NO-SOURCE
> Task :shared:domain:metadataNativeMainClasses UP-TO-DATE
> Task :backend:service-tika:distTar UP-TO-DATE
> Task :backend:service-tika:distZip UP-TO-DATE
> Task :backend:service-tika:assemble UP-TO-DATE
> Task :backend:service-tika:build
> Task :shared:domain:transformAppleMainDependenciesMetadata UP-TO-DATE
> Task :shared:domain:compileAppleMainKotlinMetadata NO-SOURCE
> Task :shared:domain:metadataAppleMainClasses UP-TO-DATE
> Task :shared:common-api:compileKotlinIosArm64 UP-TO-DATE
> Task :shared:common-api:stripDebugDebugSymbols NO-SOURCE
> Task :shared:common-api:copyDebugJniLibsProjectAndLocalJars UP-TO-DATE
> Task :apps:mobile:mergeDebugAssets UP-TO-DATE
> Task :apps:mobile:compressDebugAssets UP-TO-DATE
> Task :shared:common-api:extractDebugAnnotations UP-TO-DATE
> Task :shared:common-api:extractDeepLinksForAarDebug UP-TO-DATE
> Task :apps:mobile:mergeDebugJniLibFolders UP-TO-DATE
> Task :shared:common-api:mergeDebugGeneratedProguardFiles UP-TO-DATE
> Task :shared:common-api:mergeDebugConsumerProguardFiles UP-TO-DATE
> Task :shared:common-api:prepareDebugArtProfile UP-TO-DATE
> Task :shared:common-api:mergeDebugJavaResource UP-TO-DATE
> Task :shared:common-api:syncDebugLibJars UP-TO-DATE
> Task :shared:common-api:bundleDebugLocalLintAar UP-TO-DATE
> Task :shared:ui-common:mergeReleaseResources UP-TO-DATE
> Task :shared:common-api:createFullJarDebug UP-TO-DATE
> Task :shared:common-api:writeDebugLintModelMetadata UP-TO-DATE
> Task :shared:common-api:generateDebugLintModel UP-TO-DATE
> Task :shared:common-api:lintAnalyzeDebug UP-TO-DATE
> Task :shared:common-api:preDebugAndroidTestBuild UP-TO-DATE
> Task :shared:common-api:generateDebugAndroidTestResValues UP-TO-DATE
> Task :shared:common-api:generateDebugAndroidTestLintModel UP-TO-DATE
> Task :shared:common-api:preDebugUnitTestBuild UP-TO-DATE
> Task :shared:domain:transformIosMainDependenciesMetadata UP-TO-DATE
> Task :shared:ui-common:verifyReleaseResources UP-TO-DATE
> Task :shared:common-api:generateDebugUnitTestLintModel UP-TO-DATE
> Task :apps:mobile:mergeDebugNativeLibs UP-TO-DATE
> Task :shared:ui-common:iosArm64ResolveResourcesFromDependencies UP-TO-DATE
> Task :apps:mobile:stripDebugDebugSymbols UP-TO-DATE
> Task :shared:ui-common:iosArm64ResolveSelfResourcesCopyHierarchicalMultiplatformResources UP-TO-DATE
> Task :shared:ui-common:iosArm64AggregateResources UP-TO-DATE
> Task :apps:mobile:validateSigningDebug UP-TO-DATE
> Task :shared:common-api:lintAnalyzeDebugAndroidTest UP-TO-DATE
> Task :shared:ui-common:iosArm64ProcessResources UP-TO-DATE
> Task :apps:mobile:writeDebugAppMetadata UP-TO-DATE
> Task :apps:mobile:writeDebugSigningConfigVersions UP-TO-DATE
> Task :apps:mobile:preReleaseBuild UP-TO-DATE
> Task :shared:ui-common:iosSimulatorArm64ResolveResourcesFromDependencies UP-TO-DATE
> Task :apps:mobile:mergeReleaseJniLibFolders UP-TO-DATE
> Task :shared:common-api:lintAnalyzeDebugUnitTest UP-TO-DATE
> Task :shared:ui-common:iosSimulatorArm64ResolveSelfResourcesCopyHierarchicalMultiplatformResources UP-TO-DATE
> Task :shared:ui-common:iosSimulatorArm64AggregateResources UP-TO-DATE
> Task :shared:common-api:bundleDebugAar UP-TO-DATE
> Task :shared:common-api:assembleDebug UP-TO-DATE
> Task :shared:ui-common:iosSimulatorArm64ProcessResources UP-TO-DATE
> Task :shared:common-api:bundleReleaseAar UP-TO-DATE
> Task :shared:ui-common:iosX64ResolveResourcesFromDependencies UP-TO-DATE
> Task :shared:common-api:mapReleaseSourceSetPaths UP-TO-DATE
> Task :shared:ui-common:iosX64ResolveSelfResourcesCopyHierarchicalMultiplatformResources UP-TO-DATE
> Task :shared:ui-common:iosX64AggregateResources UP-TO-DATE
> Task :shared:common-api:mergeReleaseResources UP-TO-DATE
> Task :shared:ui-common:iosX64ProcessResources UP-TO-DATE
> Task :shared:ui-common:assembleIosSimulatorArm64TestResources UP-TO-DATE
> Task :shared:common-api:verifyReleaseResources UP-TO-DATE
> Task :shared:common-api:assembleRelease UP-TO-DATE
> Task :apps:mobile:mergeReleaseNativeLibs UP-TO-DATE
> Task :shared:common-api:iosArm64ProcessResources NO-SOURCE
> Task :shared:common-api:iosArm64MainKlibrary UP-TO-DATE
> Task :shared:common-api:compileTestKotlinIosArm64 NO-SOURCE
> Task :apps:mobile:stripReleaseDebugSymbols UP-TO-DATE
> Task :shared:common-api:iosSimulatorArm64ProcessResources NO-SOURCE
> Task :shared:common-api:iosX64ProcessResources NO-SOURCE
> Task :shared:ui-common:copyTestComposeResourcesForIosSimulatorArm64 UP-TO-DATE
> Task :apps:mobile:extractReleaseNativeSymbolTables UP-TO-DATE
> Task :shared:ui-common:assembleIosX64TestResources UP-TO-DATE
> Task :shared:common-api:compileTestKotlinJvm NO-SOURCE
> Task :apps:mobile:mergeReleaseNativeDebugMetadata NO-SOURCE
> Task :shared:ui-common:copyTestComposeResourcesForIosX64 UP-TO-DATE
> Task :shared:common-api:compileJvmTestJava NO-SOURCE
> Task :shared:common-api:jvmTestProcessResources NO-SOURCE
> Task :shared:common-api:processJvmTestResources SKIPPED
> Task :shared:common-api:jvmTestClasses UP-TO-DATE
> Task :shared:ui-common:compileTestKotlinJvm NO-SOURCE
> Task :shared:ui-common:compileJvmTestJava NO-SOURCE
> Task :shared:common-api:jvmTest NO-SOURCE
> Task :shared:ui-common:assembleJvmTestResources UP-TO-DATE
> Task :shared:common-api:generateDebugUnitTestStubRFile UP-TO-DATE
> Task :shared:ui-common:jvmTestProcessResources UP-TO-DATE
> Task :apps:mobile:checkReleaseDuplicateClasses UP-TO-DATE
> Task :shared:ui-common:processJvmTestResources SKIPPED
> Task :shared:ui-common:jvmTestClasses UP-TO-DATE
> Task :shared:common-api:compileDebugUnitTestKotlinAndroid NO-SOURCE
> Task :shared:ui-common:jvmTest NO-SOURCE
> Task :shared:common-api:javaPreCompileDebugUnitTest UP-TO-DATE
> Task :shared:common-api:compileDebugUnitTestJavaWithJavac NO-SOURCE
> Task :apps:mobile:buildKotlinToolingMetadata UP-TO-DATE
> Task :apps:mobile:convertXmlValueResourcesForAndroidRelease NO-SOURCE
> Task :apps:mobile:copyNonXmlValueResourcesForAndroidRelease NO-SOURCE
> Task :apps:mobile:prepareComposeResourcesTaskForAndroidRelease NO-SOURCE
> Task :apps:mobile:generateResourceAccessorsForAndroidRelease SKIPPED
> Task :shared:common-api:processDebugUnitTestJavaRes NO-SOURCE
> Task :shared:common-api:testDebugUnitTest NO-SOURCE
> Task :shared:common-api:preReleaseUnitTestBuild UP-TO-DATE
> Task :shared:ui-common:generateDebugUnitTestStubRFile UP-TO-DATE
> Task :shared:ui-common:javaPreCompileDebugUnitTest UP-TO-DATE
> Task :shared:ui-common:preReleaseUnitTestBuild UP-TO-DATE
> Task :apps:mobile:checkReleaseAarMetadata UP-TO-DATE
> Task :apps:mobile:generateReleaseResValues UP-TO-DATE
> Task :shared:common-api:generateReleaseUnitTestStubRFile UP-TO-DATE
> Task :shared:common-api:compileReleaseUnitTestKotlinAndroid NO-SOURCE
> Task :apps:mobile:mapReleaseSourceSetPaths UP-TO-DATE
> Task :shared:common-api:javaPreCompileReleaseUnitTest UP-TO-DATE
> Task :apps:mobile:generateReleaseResources UP-TO-DATE
> Task :shared:common-api:compileReleaseUnitTestJavaWithJavac NO-SOURCE
> Task :shared:common-api:processReleaseUnitTestJavaRes NO-SOURCE
> Task :shared:common-api:testReleaseUnitTest NO-SOURCE
> Task :shared:ui-common:generateReleaseUnitTestStubRFile UP-TO-DATE
> Task :shared:ui-common:javaPreCompileReleaseUnitTest UP-TO-DATE
> Task :shared:common-api:generateDebugLintReportModel UP-TO-DATE
> Task :shared:common-api:lintReportDebug UP-TO-DATE
> Task :apps:mobile:mergeReleaseResources UP-TO-DATE
> Task :apps:mobile:packageReleaseResources UP-TO-DATE
> Task :apps:mobile:parseReleaseLocalResources UP-TO-DATE
> Task :apps:mobile:createReleaseCompatibleScreenManifests UP-TO-DATE
> Task :apps:mobile:extractDeepLinksRelease UP-TO-DATE
> Task :apps:mobile:processReleaseMainManifest UP-TO-DATE
> Task :apps:mobile:processReleaseManifest UP-TO-DATE
> Task :apps:mobile:processReleaseManifestForPackage UP-TO-DATE
> Task :shared:common-api:lintDebug
> Task :shared:common-api:lint
> Task :apps:mobile:processReleaseResources UP-TO-DATE
> Task :apps:mobile:javaPreCompileRelease UP-TO-DATE
> Task :apps:mobile:desugarReleaseFileDependencies UP-TO-DATE
> Task :apps:mobile:mergeReleaseStartupProfile UP-TO-DATE
> Task :apps:mobile:mergeExtDexRelease UP-TO-DATE
> Task :apps:mobile:mergeReleaseArtProfile UP-TO-DATE
> Task :apps:mobile:mergeReleaseShaders UP-TO-DATE
> Task :apps:mobile:compileReleaseShaders NO-SOURCE
> Task :apps:mobile:copyReleaseComposeResourcesToAndroidAssets UP-TO-DATE
> Task :apps:mobile:generateReleaseAssets UP-TO-DATE
> Task :apps:mobile:releaseAssetsCopyForAGP NO-SOURCE
> Task :apps:mobile:mergeReleaseAssets UP-TO-DATE
> Task :apps:mobile:compressReleaseAssets UP-TO-DATE
> Task :apps:mobile:extractReleaseVersionControlInfo UP-TO-DATE
> Task :apps:mobile:convertXmlValueResourcesForAndroidUnitTest NO-SOURCE
> Task :apps:mobile:copyNonXmlValueResourcesForAndroidUnitTest NO-SOURCE
> Task :apps:mobile:prepareComposeResourcesTaskForAndroidUnitTest NO-SOURCE
> Task :apps:mobile:generateResourceAccessorsForAndroidUnitTest SKIPPED
> Task :apps:mobile:convertXmlValueResourcesForAndroidUnitTestDebug NO-SOURCE
> Task :apps:mobile:copyNonXmlValueResourcesForAndroidUnitTestDebug NO-SOURCE
> Task :apps:mobile:prepareComposeResourcesTaskForAndroidUnitTestDebug NO-SOURCE
> Task :apps:mobile:generateResourceAccessorsForAndroidUnitTestDebug SKIPPED
> Task :apps:mobile:convertXmlValueResourcesForAndroidUnitTestRelease NO-SOURCE
> Task :apps:mobile:copyNonXmlValueResourcesForAndroidUnitTestRelease NO-SOURCE
> Task :apps:mobile:prepareComposeResourcesTaskForAndroidUnitTestRelease NO-SOURCE
> Task :apps:mobile:generateResourceAccessorsForAndroidUnitTestRelease SKIPPED
> Task :apps:mobile:convertXmlValueResourcesForAppleMain NO-SOURCE
> Task :apps:mobile:copyNonXmlValueResourcesForAppleMain NO-SOURCE
> Task :apps:mobile:prepareComposeResourcesTaskForAppleMain NO-SOURCE
> Task :apps:mobile:generateResourceAccessorsForAppleMain SKIPPED
> Task :apps:mobile:convertXmlValueResourcesForAppleTest NO-SOURCE
> Task :apps:mobile:copyNonXmlValueResourcesForAppleTest NO-SOURCE
> Task :apps:mobile:prepareComposeResourcesTaskForAppleTest NO-SOURCE
> Task :apps:mobile:generateResourceAccessorsForAppleTest SKIPPED
> Task :apps:mobile:convertXmlValueResourcesForCommonTest NO-SOURCE
> Task :apps:mobile:copyNonXmlValueResourcesForCommonTest NO-SOURCE
> Task :apps:mobile:prepareComposeResourcesTaskForCommonTest NO-SOURCE
> Task :apps:mobile:generateResourceAccessorsForCommonTest SKIPPED
> Task :apps:mobile:convertXmlValueResourcesForIosArm64Main NO-SOURCE
> Task :apps:mobile:copyNonXmlValueResourcesForIosArm64Main NO-SOURCE
> Task :apps:mobile:prepareComposeResourcesTaskForIosArm64Main NO-SOURCE
> Task :apps:mobile:generateResourceAccessorsForIosArm64Main SKIPPED
> Task :apps:mobile:convertXmlValueResourcesForIosArm64Test NO-SOURCE
> Task :apps:mobile:copyNonXmlValueResourcesForIosArm64Test NO-SOURCE
> Task :backend:server:bootJar UP-TO-DATE
> Task :apps:mobile:prepareComposeResourcesTaskForIosArm64Test NO-SOURCE
> Task :apps:mobile:generateResourceAccessorsForIosArm64Test SKIPPED
> Task :apps:mobile:convertXmlValueResourcesForIosMain NO-SOURCE
> Task :apps:mobile:copyNonXmlValueResourcesForIosMain NO-SOURCE
> Task :backend:server:jar UP-TO-DATE
> Task :backend:server:assemble UP-TO-DATE
> Task :apps:mobile:prepareComposeResourcesTaskForIosMain NO-SOURCE
> Task :backend:server:build
> Task :apps:mobile:generateResourceAccessorsForIosMain SKIPPED
> Task :apps:mobile:convertXmlValueResourcesForIosSimulatorArm64Main NO-SOURCE
> Task :apps:mobile:copyNonXmlValueResourcesForIosSimulatorArm64Main NO-SOURCE
> Task :apps:mobile:prepareComposeResourcesTaskForIosSimulatorArm64Main NO-SOURCE
> Task :shared:common-dto:compileKotlinIosSimulatorArm64 UP-TO-DATE
> Task :apps:mobile:generateResourceAccessorsForIosSimulatorArm64Main SKIPPED
> Task :apps:mobile:convertXmlValueResourcesForIosSimulatorArm64Test NO-SOURCE
> Task :apps:mobile:copyNonXmlValueResourcesForIosSimulatorArm64Test NO-SOURCE
> Task :apps:mobile:prepareComposeResourcesTaskForIosSimulatorArm64Test NO-SOURCE
> Task :apps:mobile:generateResourceAccessorsForIosSimulatorArm64Test SKIPPED
> Task :apps:mobile:convertXmlValueResourcesForIosTest NO-SOURCE
> Task :apps:mobile:copyNonXmlValueResourcesForIosTest NO-SOURCE
> Task :apps:mobile:prepareComposeResourcesTaskForIosTest NO-SOURCE
> Task :apps:mobile:generateResourceAccessorsForIosTest SKIPPED
> Task :apps:mobile:convertXmlValueResourcesForIosX64Main NO-SOURCE
> Task :apps:mobile:copyNonXmlValueResourcesForIosX64Main NO-SOURCE
> Task :apps:mobile:prepareComposeResourcesTaskForIosX64Main NO-SOURCE
> Task :apps:mobile:generateResourceAccessorsForIosX64Main SKIPPED
> Task :apps:mobile:convertXmlValueResourcesForIosX64Test NO-SOURCE
> Task :apps:mobile:copyNonXmlValueResourcesForIosX64Test NO-SOURCE
> Task :apps:mobile:prepareComposeResourcesTaskForIosX64Test NO-SOURCE
> Task :apps:mobile:generateResourceAccessorsForIosX64Test SKIPPED
> Task :apps:mobile:convertXmlValueResourcesForNativeMain NO-SOURCE
> Task :apps:mobile:copyNonXmlValueResourcesForNativeMain NO-SOURCE
> Task :apps:mobile:prepareComposeResourcesTaskForNativeMain NO-SOURCE
> Task :apps:mobile:generateResourceAccessorsForNativeMain SKIPPED
> Task :apps:mobile:convertXmlValueResourcesForNativeTest NO-SOURCE
> Task :apps:mobile:copyNonXmlValueResourcesForNativeTest NO-SOURCE
> Task :apps:mobile:prepareComposeResourcesTaskForNativeTest NO-SOURCE
> Task :apps:mobile:generateResourceAccessorsForNativeTest SKIPPED
> Task :apps:mobile:extractProguardFiles UP-TO-DATE
> Task :shared:common-api:compileKotlinIosSimulatorArm64 UP-TO-DATE
> Task :shared:common-api:iosSimulatorArm64MainKlibrary UP-TO-DATE
> Task :apps:mobile:optimizeReleaseResources UP-TO-DATE
> Task :shared:common-api:compileTestKotlinIosSimulatorArm64 NO-SOURCE
> Task :shared:common-api:linkDebugTestIosSimulatorArm64 NO-SOURCE
> Task :shared:common-api:iosSimulatorArm64Test SKIPPED
> Task :apps:mobile:collectReleaseDependencies UP-TO-DATE
> Task :apps:mobile:sdkReleaseDependencyData UP-TO-DATE
> Task :apps:mobile:writeReleaseAppMetadata UP-TO-DATE
> Task :apps:mobile:writeReleaseSigningConfigVersions UP-TO-DATE
> Task :apps:mobile:commonizeNativeDistribution UP-TO-DATE
> Task :apps:mobile:metadataNativeMainProcessResources NO-SOURCE
> Task :apps:mobile:metadataAppleMainProcessResources NO-SOURCE
> Task :apps:mobile:downloadKotlinNativeDistribution UP-TO-DATE
> Task :apps:mobile:generateActualResourceCollectorsForIosArm64Main SKIPPED
> Task :apps:mobile:generateActualResourceCollectorsForIosSimulatorArm64Main SKIPPED
> Task :apps:mobile:generateActualResourceCollectorsForIosX64Main SKIPPED
> Task :apps:mobile:iosArm64ResolveResourcesFromDependencies UP-TO-DATE
> Task :apps:mobile:assembleIosArm64MainResources UP-TO-DATE
> Task :apps:mobile:iosArm64ResolveSelfResourcesCopyHierarchicalMultiplatformResources UP-TO-DATE
> Task :apps:mobile:iosArm64AggregateResources UP-TO-DATE
> Task :apps:mobile:iosArm64ProcessResources UP-TO-DATE
> Task :apps:mobile:iosSimulatorArm64ResolveResourcesFromDependencies UP-TO-DATE
> Task :shared:domain:compileIosMainKotlinMetadata UP-TO-DATE
> Task :shared:domain:metadataIosMainClasses UP-TO-DATE
> Task :apps:mobile:assembleIosSimulatorArm64MainResources UP-TO-DATE
> Task :shared:domain:exportCommonSourceSetsMetadataLocationsForMetadataApiElements UP-TO-DATE
> Task :apps:mobile:iosSimulatorArm64ResolveSelfResourcesCopyHierarchicalMultiplatformResources UP-TO-DATE
> Task :apps:mobile:iosSimulatorArm64AggregateResources UP-TO-DATE
> Task :shared:domain:iosArm64MetadataElements UP-TO-DATE
> Task :apps:mobile:iosSimulatorArm64ProcessResources UP-TO-DATE
> Task :shared:domain:iosSimulatorArm64MetadataElements UP-TO-DATE
> Task :apps:mobile:iosX64ResolveResourcesFromDependencies UP-TO-DATE
> Task :shared:domain:iosX64MetadataElements UP-TO-DATE
> Task :apps:mobile:assembleIosX64MainResources UP-TO-DATE
> Task :apps:mobile:iosX64ResolveSelfResourcesCopyHierarchicalMultiplatformResources UP-TO-DATE
> Task :apps:mobile:iosX64AggregateResources UP-TO-DATE
> Task :apps:mobile:iosX64ProcessResources UP-TO-DATE
> Task :apps:mobile:metadataIosMainProcessResources NO-SOURCE
> Task :apps:mobile:assembleIosSimulatorArm64TestResources UP-TO-DATE
> Task :apps:mobile:copyTestComposeResourcesForIosSimulatorArm64 UP-TO-DATE
> Task :apps:mobile:assembleIosX64TestResources UP-TO-DATE
> Task :apps:mobile:copyTestComposeResourcesForIosX64 UP-TO-DATE
> Task :apps:mobile:preDebugUnitTestBuild UP-TO-DATE
> Task :apps:mobile:javaPreCompileDebugUnitTest UP-TO-DATE
> Task :apps:mobile:preReleaseUnitTestBuild UP-TO-DATE
> Task :apps:mobile:javaPreCompileReleaseUnitTest UP-TO-DATE
> Task :apps:mobile:preDebugAndroidTestBuild SKIPPED
> Task :apps:mobile:generateDebugAndroidTestResValues UP-TO-DATE
> Task :shared:domain:compileDebugKotlinAndroid UP-TO-DATE
> Task :shared:domain:compileDebugJavaWithJavac NO-SOURCE
> Task :shared:domain:bundleLibCompileToJarDebug UP-TO-DATE
> Task :shared:domain:bundleLibRuntimeToJarDebug UP-TO-DATE
> Task :shared:domain:processDebugJavaRes UP-TO-DATE
> Task :shared:domain:bundleLibRuntimeToDirDebug UP-TO-DATE
> Task :shared:domain:compileReleaseKotlinAndroid UP-TO-DATE
> Task :shared:domain:compileReleaseJavaWithJavac NO-SOURCE
> Task :shared:ui-common:transformCommonMainDependenciesMetadata UP-TO-DATE
> Task :shared:domain:bundleLibCompileToJarRelease UP-TO-DATE
> Task :shared:domain:bundleLibRuntimeToDirRelease UP-TO-DATE
> Task :shared:domain:bundleLibRuntimeToJarRelease UP-TO-DATE
> Task :shared:ui-common:compileCommonMainKotlinMetadata UP-TO-DATE
> Task :shared:ui-common:metadataCommonMainClasses UP-TO-DATE
> Task :shared:domain:processReleaseJavaRes UP-TO-DATE
> Task :shared:ui-common:allMetadataJar UP-TO-DATE
> Task :shared:domain:createFullJarRelease UP-TO-DATE
> Task :shared:domain:generateReleaseLintModel UP-TO-DATE
> Task :shared:ui-common:transformNativeMainDependenciesMetadata UP-TO-DATE
> Task :shared:domain:extractReleaseAnnotations UP-TO-DATE
> Task :shared:ui-common:compileNativeMainKotlinMetadata NO-SOURCE
> Task :shared:ui-common:metadataNativeMainClasses UP-TO-DATE
> Task :shared:domain:mergeReleaseGeneratedProguardFiles UP-TO-DATE
> Task :shared:domain:mergeReleaseConsumerProguardFiles UP-TO-DATE
> Task :shared:domain:mergeReleaseJavaResource UP-TO-DATE
> Task :shared:domain:syncReleaseLibJars UP-TO-DATE
> Task :shared:domain:bundleReleaseLocalLintAar UP-TO-DATE
> Task :shared:ui-common:transformAppleMainDependenciesMetadata UP-TO-DATE
> Task :shared:ui-common:compileAppleMainKotlinMetadata NO-SOURCE
> Task :shared:ui-common:metadataAppleMainClasses UP-TO-DATE
> Task :shared:domain:lintVitalAnalyzeRelease UP-TO-DATE
> Task :shared:ui-common:transformIosMainDependenciesMetadata UP-TO-DATE
> Task :shared:domain:generateReleaseLintVitalModel UP-TO-DATE
> Task :shared:domain:compileKotlinIosArm64 UP-TO-DATE
> Task :shared:ui-common:compileIosMainKotlinMetadata UP-TO-DATE
> Task :shared:ui-common:metadataIosMainClasses UP-TO-DATE
> Task :shared:ui-common:exportCommonSourceSetsMetadataLocationsForMetadataApiElements UP-TO-DATE
> Task :shared:ui-common:iosArm64MetadataElements UP-TO-DATE
> Task :shared:ui-common:iosSimulatorArm64MetadataElements UP-TO-DATE
> Task :shared:ui-common:iosX64MetadataElements UP-TO-DATE
> Task :shared:domain:compileKotlinIosSimulatorArm64 UP-TO-DATE
> Task :shared:domain:extractDebugAnnotations UP-TO-DATE
> Task :shared:domain:mergeDebugGeneratedProguardFiles UP-TO-DATE
> Task :shared:common-dto:compileKotlinIosX64 UP-TO-DATE
> Task :shared:domain:mergeDebugConsumerProguardFiles UP-TO-DATE
> Task :shared:common-dto:iosArm64ProcessResources NO-SOURCE
> Task :shared:common-dto:iosArm64MainKlibrary UP-TO-DATE
> Task :apps:mobile:transformCommonMainDependenciesMetadata UP-TO-DATE
> Task :shared:common-dto:compileTestKotlinIosArm64 NO-SOURCE
> Task :apps:mobile:compileCommonMainKotlinMetadata NO-SOURCE
> Task :apps:mobile:metadataCommonMainClasses UP-TO-DATE
> Task :shared:domain:mergeDebugJavaResource UP-TO-DATE
> Task :shared:common-dto:iosSimulatorArm64ProcessResources NO-SOURCE
> Task :shared:common-dto:iosSimulatorArm64MainKlibrary UP-TO-DATE
> Task :shared:common-dto:compileTestKotlinIosSimulatorArm64 NO-SOURCE
> Task :apps:mobile:allMetadataJar UP-TO-DATE
> Task :shared:domain:syncDebugLibJars UP-TO-DATE
> Task :shared:common-dto:iosX64ProcessResources NO-SOURCE
> Task :shared:common-dto:iosX64MainKlibrary UP-TO-DATE
> Task :shared:common-dto:compileTestKotlinIosX64 NO-SOURCE
> Task :shared:domain:bundleDebugLocalLintAar UP-TO-DATE
> Task :shared:domain:createFullJarDebug UP-TO-DATE
> Task :shared:domain:generateDebugLintModel UP-TO-DATE
> Task :shared:common-dto:linkDebugFrameworkIosArm64 UP-TO-DATE
> Task :apps:mobile:transformNativeMainDependenciesMetadata UP-TO-DATE
> Task :shared:domain:lintAnalyzeDebug UP-TO-DATE
> Task :apps:mobile:compileNativeMainKotlinMetadata NO-SOURCE
> Task :apps:mobile:metadataNativeMainClasses UP-TO-DATE
> Task :shared:common-api:compileKotlinIosX64 UP-TO-DATE
> Task :shared:common-api:iosX64MainKlibrary UP-TO-DATE
> Task :shared:common-dto:linkDebugFrameworkIosSimulatorArm64 UP-TO-DATE
> Task :shared:common-api:compileTestKotlinIosX64 NO-SOURCE
> Task :shared:common-api:assemble UP-TO-DATE
> Task :shared:domain:generateDebugAndroidTestLintModel UP-TO-DATE
> Task :apps:mobile:transformAppleMainDependenciesMetadata UP-TO-DATE
> Task :shared:common-api:linkDebugTestIosX64 NO-SOURCE
> Task :shared:common-api:iosX64Test SKIPPED
> Task :apps:mobile:compileAppleMainKotlinMetadata NO-SOURCE
> Task :apps:mobile:metadataAppleMainClasses UP-TO-DATE
> Task :shared:common-api:allTests NO-SOURCE
> Task :shared:common-api:check
> Task :shared:common-api:build
> Task :apps:mobile:transformIosMainDependenciesMetadata UP-TO-DATE
> Task :shared:common-dto:linkDebugFrameworkIosX64 UP-TO-DATE
> Task :shared:common-dto:linkReleaseFrameworkIosArm64 UP-TO-DATE
> Task :shared:ui-common:compileDebugKotlinAndroid UP-TO-DATE
> Task :shared:ui-common:compileDebugJavaWithJavac NO-SOURCE
> Task :shared:common-dto:linkReleaseFrameworkIosSimulatorArm64 UP-TO-DATE
> Task :shared:ui-common:bundleLibCompileToJarDebug UP-TO-DATE
> Task :shared:ui-common:bundleLibRuntimeToJarDebug UP-TO-DATE
> Task :shared:domain:compileKotlinIosX64 UP-TO-DATE
> Task :apps:mobile:compileIosMainKotlinMetadata UP-TO-DATE
> Task :shared:common-dto:linkReleaseFrameworkIosX64 UP-TO-DATE
> Task :shared:common-dto:assemble UP-TO-DATE
> Task :shared:common-dto:linkDebugTestIosSimulatorArm64 NO-SOURCE
> Task :shared:ui-common:processDebugJavaRes UP-TO-DATE
> Task :shared:common-dto:iosSimulatorArm64Test SKIPPED
> Task :shared:common-dto:linkDebugTestIosX64 NO-SOURCE
> Task :shared:common-dto:iosX64Test SKIPPED
> Task :shared:common-dto:compileTestKotlinJvm NO-SOURCE
> Task :shared:common-dto:compileJvmTestJava NO-SOURCE
> Task :shared:common-dto:jvmTestProcessResources NO-SOURCE
> Task :shared:common-dto:processJvmTestResources SKIPPED
> Task :shared:common-dto:jvmTestClasses UP-TO-DATE
> Task :shared:common-dto:jvmTest NO-SOURCE
> Task :shared:common-dto:allTests NO-SOURCE
> Task :shared:common-dto:check UP-TO-DATE
> Task :shared:common-dto:build UP-TO-DATE
> Task :shared:ui-common:bundleLibRuntimeToDirDebug UP-TO-DATE
> Task :apps:mobile:compileDebugKotlinAndroid UP-TO-DATE
> Task :shared:domain:generateDebugUnitTestLintModel UP-TO-DATE
> Task :apps:mobile:compileDebugJavaWithJavac NO-SOURCE
> Task :shared:domain:lintAnalyzeDebugAndroidTest UP-TO-DATE
> Task :shared:domain:lintAnalyzeDebugUnitTest UP-TO-DATE
> Task :shared:domain:bundleDebugAar UP-TO-DATE
> Task :shared:domain:assembleDebug UP-TO-DATE
> Task :shared:domain:bundleReleaseAar UP-TO-DATE
> Task :shared:domain:mapReleaseSourceSetPaths UP-TO-DATE
> Task :apps:mobile:dexBuilderDebug UP-TO-DATE
> Task :shared:domain:mergeReleaseResources UP-TO-DATE
> Task :shared:domain:verifyReleaseResources UP-TO-DATE
> Task :shared:domain:assembleRelease UP-TO-DATE
> Task :shared:domain:iosArm64MainKlibrary UP-TO-DATE
> Task :shared:domain:compileTestKotlinIosArm64 NO-SOURCE
> Task :shared:domain:iosSimulatorArm64MainKlibrary UP-TO-DATE
> Task :shared:domain:compileTestKotlinIosSimulatorArm64 NO-SOURCE
> Task :shared:domain:iosX64MainKlibrary UP-TO-DATE
> Task :shared:domain:compileTestKotlinIosX64 NO-SOURCE
> Task :shared:domain:assemble UP-TO-DATE
> Task :shared:domain:linkDebugTestIosSimulatorArm64 NO-SOURCE
> Task :shared:domain:iosSimulatorArm64Test SKIPPED
> Task :shared:domain:linkDebugTestIosX64 NO-SOURCE
> Task :shared:domain:iosX64Test SKIPPED
> Task :shared:domain:compileDebugUnitTestKotlinAndroid NO-SOURCE
> Task :shared:domain:compileDebugUnitTestJavaWithJavac NO-SOURCE
> Task :shared:domain:processDebugUnitTestJavaRes NO-SOURCE
> Task :shared:domain:testDebugUnitTest NO-SOURCE
> Task :apps:mobile:mergeDebugGlobalSynthetics UP-TO-DATE
> Task :apps:mobile:processDebugJavaRes UP-TO-DATE
> Task :shared:ui-common:compileReleaseKotlinAndroid UP-TO-DATE
> Task :shared:ui-common:compileReleaseJavaWithJavac NO-SOURCE
> Task :shared:domain:generateReleaseUnitTestStubRFile UP-TO-DATE
> Task :shared:domain:compileReleaseUnitTestKotlinAndroid NO-SOURCE
> Task :shared:domain:compileReleaseUnitTestJavaWithJavac NO-SOURCE
> Task :shared:domain:processReleaseUnitTestJavaRes NO-SOURCE
> Task :shared:domain:testReleaseUnitTest NO-SOURCE
> Task :shared:domain:allTests NO-SOURCE
> Task :shared:domain:generateDebugLintReportModel UP-TO-DATE
> Task :shared:domain:lintReportDebug UP-TO-DATE
> Task :shared:domain:lintDebug
> Task :shared:domain:lint
> Task :shared:domain:check
> Task :shared:domain:build
> Task :shared:ui-common:bundleLibRuntimeToDirRelease UP-TO-DATE
> Task :shared:ui-common:bundleLibCompileToJarRelease UP-TO-DATE
> Task :apps:mobile:mergeDebugJavaResource UP-TO-DATE
> Task :shared:ui-common:bundleLibRuntimeToJarRelease UP-TO-DATE
> Task :apps:mobile:mergeLibDexDebug UP-TO-DATE
> Task :shared:ui-common:processReleaseJavaRes UP-TO-DATE
> Task :shared:ui-common:createFullJarRelease UP-TO-DATE
> Task :apps:mobile:mergeProjectDexDebug UP-TO-DATE
> Task :shared:ui-common:generateReleaseLintModel UP-TO-DATE
> Task :shared:ui-common:extractReleaseAnnotations UP-TO-DATE
> Task :shared:ui-common:mergeReleaseGeneratedProguardFiles UP-TO-DATE
> Task :shared:ui-common:mergeReleaseConsumerProguardFiles UP-TO-DATE
> Task :shared:ui-common:mergeReleaseJavaResource UP-TO-DATE
> Task :shared:ui-common:syncReleaseLibJars UP-TO-DATE
> Task :shared:ui-common:bundleReleaseLocalLintAar UP-TO-DATE
> Task :apps:mobile:packageDebug UP-TO-DATE
> Task :shared:ui-common:lintVitalAnalyzeRelease UP-TO-DATE
> Task :apps:mobile:createDebugApkListingFileRedirect UP-TO-DATE
> Task :apps:mobile:assembleDebug UP-TO-DATE
> Task :shared:ui-common:generateReleaseLintVitalModel UP-TO-DATE
> Task :apps:mobile:compileReleaseKotlinAndroid UP-TO-DATE
> Task :apps:mobile:compileReleaseJavaWithJavac NO-SOURCE
> Task :apps:mobile:dexBuilderRelease UP-TO-DATE
> Task :apps:mobile:mergeDexRelease UP-TO-DATE
> Task :shared:ui-common:compileKotlinIosArm64 UP-TO-DATE
> Task :apps:mobile:mergeReleaseGlobalSynthetics UP-TO-DATE
> Task :apps:mobile:compileReleaseArtProfile UP-TO-DATE
> Task :shared:ui-common:compileKotlinIosSimulatorArm64 UP-TO-DATE
> Task :apps:mobile:generateReleaseLintVitalReportModel UP-TO-DATE
> Task :apps:mobile:lintVitalAnalyzeRelease UP-TO-DATE
> Task :apps:mobile:lintVitalReportRelease SKIPPED
> Task :apps:mobile:lintVitalRelease SKIPPED
> Task :apps:mobile:processReleaseJavaRes UP-TO-DATE
> Task :shared:ui-common:compileKotlinIosX64 UP-TO-DATE
> Task :shared:ui-common:extractDebugAnnotations UP-TO-DATE
> Task :shared:ui-common:mergeDebugGeneratedProguardFiles UP-TO-DATE
> Task :shared:ui-common:mergeDebugConsumerProguardFiles UP-TO-DATE
> Task :shared:ui-common:mergeDebugJavaResource UP-TO-DATE
> Task :apps:mobile:mergeReleaseJavaResource UP-TO-DATE
> Task :shared:ui-common:syncDebugLibJars UP-TO-DATE
> Task :shared:ui-common:bundleDebugLocalLintAar UP-TO-DATE
> Task :shared:ui-common:createFullJarDebug UP-TO-DATE
> Task :apps:mobile:packageRelease UP-TO-DATE
> Task :apps:mobile:createReleaseApkListingFileRedirect UP-TO-DATE
> Task :apps:mobile:assembleRelease UP-TO-DATE
> Task :shared:ui-common:generateDebugLintModel UP-TO-DATE
> Task :apps:mobile:compileKotlinIosArm64 UP-TO-DATE
> Task :shared:ui-common:lintAnalyzeDebug UP-TO-DATE
> Task :apps:mobile:compileKotlinIosSimulatorArm64 UP-TO-DATE
> Task :apps:mobile:compileKotlinIosX64 UP-TO-DATE
> Task :apps:mobile:iosArm64MainKlibrary UP-TO-DATE
> Task :apps:mobile:compileTestKotlinIosArm64 NO-SOURCE
> Task :apps:mobile:iosSimulatorArm64MainKlibrary UP-TO-DATE
> Task :apps:mobile:compileTestKotlinIosSimulatorArm64 NO-SOURCE
> Task :apps:mobile:iosX64MainKlibrary UP-TO-DATE
> Task :shared:ui-common:generateDebugAndroidTestLintModel UP-TO-DATE
> Task :apps:mobile:compileTestKotlinIosX64 NO-SOURCE
> Task :apps:mobile:metadataIosMainClasses UP-TO-DATE
> Task :apps:mobile:iosArm64MetadataElements UP-TO-DATE
> Task :apps:mobile:iosSimulatorArm64MetadataElements UP-TO-DATE
> Task :apps:mobile:iosX64MetadataElements UP-TO-DATE
> Task :shared:ui-common:generateDebugUnitTestLintModel UP-TO-DATE
> Task :apps:mobile:linkDebugFrameworkIosArm64 UP-TO-DATE
> Task :shared:ui-common:lintAnalyzeDebugAndroidTest UP-TO-DATE
> Task :apps:mobile:linkDebugFrameworkIosSimulatorArm64 UP-TO-DATE
> Task :shared:ui-common:lintAnalyzeDebugUnitTest UP-TO-DATE
> Task :shared:ui-common:bundleDebugAar UP-TO-DATE
> Task :shared:ui-common:assembleDebug UP-TO-DATE
> Task :shared:ui-common:bundleReleaseAar UP-TO-DATE
> Task :shared:ui-common:assembleRelease UP-TO-DATE
> Task :shared:ui-common:iosArm64MainKlibrary UP-TO-DATE
> Task :apps:mobile:linkDebugFrameworkIosX64 UP-TO-DATE
> Task :shared:ui-common:compileTestKotlinIosArm64 NO-SOURCE
> Task :shared:ui-common:iosSimulatorArm64MainKlibrary UP-TO-DATE
> Task :shared:ui-common:compileTestKotlinIosSimulatorArm64 NO-SOURCE
> Task :shared:ui-common:iosX64MainKlibrary UP-TO-DATE
> Task :shared:ui-common:compileTestKotlinIosX64 NO-SOURCE
> Task :shared:ui-common:assemble UP-TO-DATE
> Task :shared:ui-common:linkDebugTestIosSimulatorArm64 NO-SOURCE
> Task :shared:ui-common:iosSimulatorArm64Test SKIPPED
> Task :shared:ui-common:linkDebugTestIosX64 NO-SOURCE
> Task :shared:ui-common:iosX64Test SKIPPED
> Task :shared:ui-common:compileDebugUnitTestKotlinAndroid NO-SOURCE
> Task :shared:ui-common:compileDebugUnitTestJavaWithJavac NO-SOURCE
> Task :apps:mobile:linkReleaseFrameworkIosArm64 UP-TO-DATE
> Task :shared:ui-common:processDebugUnitTestJavaRes NO-SOURCE
> Task :shared:ui-common:testDebugUnitTest NO-SOURCE
> Task :shared:ui-common:compileReleaseUnitTestKotlinAndroid NO-SOURCE
> Task :shared:ui-common:compileReleaseUnitTestJavaWithJavac NO-SOURCE
> Task :shared:ui-common:processReleaseUnitTestJavaRes NO-SOURCE
> Task :shared:ui-common:testReleaseUnitTest NO-SOURCE
> Task :shared:ui-common:allTests NO-SOURCE
> Task :apps:mobile:linkReleaseFrameworkIosSimulatorArm64 UP-TO-DATE
> Task :shared:ui-common:generateDebugLintReportModel UP-TO-DATE
> Task :apps:mobile:linkReleaseFrameworkIosX64 UP-TO-DATE
> Task :shared:ui-common:lintReportDebug UP-TO-DATE
> Task :apps:mobile:assemble UP-TO-DATE
> Task :shared:ui-common:lintDebug
> Task :shared:ui-common:lint
> Task :shared:ui-common:check
> Task :shared:ui-common:build
> Task :apps:mobile:linkDebugTestIosSimulatorArm64 NO-SOURCE
> Task :apps:mobile:iosSimulatorArm64Test SKIPPED
> Task :apps:mobile:linkDebugTestIosX64 NO-SOURCE
> Task :apps:mobile:iosX64Test SKIPPED
> Task :apps:mobile:bundleDebugClassesToRuntimeJar UP-TO-DATE
> Task :apps:mobile:bundleDebugClassesToCompileJar UP-TO-DATE
> Task :apps:mobile:compileDebugUnitTestKotlinAndroid NO-SOURCE
> Task :apps:mobile:compileDebugUnitTestJavaWithJavac NO-SOURCE
> Task :apps:mobile:processDebugUnitTestJavaRes NO-SOURCE
> Task :apps:mobile:testDebugUnitTest NO-SOURCE
> Task :apps:mobile:bundleReleaseClassesToRuntimeJar UP-TO-DATE
> Task :apps:mobile:bundleReleaseClassesToCompileJar UP-TO-DATE
> Task :apps:mobile:compileReleaseUnitTestKotlinAndroid NO-SOURCE
> Task :apps:mobile:compileReleaseUnitTestJavaWithJavac NO-SOURCE
> Task :apps:mobile:processReleaseUnitTestJavaRes NO-SOURCE
> Task :apps:mobile:testReleaseUnitTest NO-SOURCE
> Task :apps:mobile:allTests NO-SOURCE
> Task :apps:mobile:generateDebugAndroidTestLintModel UP-TO-DATE
> Task :apps:mobile:generateDebugLintReportModel UP-TO-DATE
> Task :apps:mobile:generateDebugUnitTestLintModel UP-TO-DATE
> Task :apps:mobile:lintAnalyzeDebug UP-TO-DATE
> Task :apps:mobile:lintAnalyzeDebugAndroidTest UP-TO-DATE
> Task :apps:mobile:lintAnalyzeDebugUnitTest UP-TO-DATE
> Task :apps:mobile:lintReportDebug UP-TO-DATE
> Task :apps:mobile:lintDebug
> Task :apps:mobile:lint
> Task :apps:mobile:check
> Task :apps:mobile:build

[Incubating] Problems report is available at: file:///Users/damekjan/git/jervis/build/reports/problems/problems-report.html

BUILD SUCCESSFUL in 34s
574 actionable tasks: 9 executed, 565 up-to-date
Consider enabling configuration cache to speed up this build: https://docs.gradle.org/9.2.1/userguide/configuration_cache_enabling.html
