2025-10-13 00:23:54 [DefaultDispatcher-worker-1] INFO  c.j.service.indexing.IndexingService - Starting sequential indexing for all 15 projects
2025-10-13 00:23:54 [DefaultDispatcher-worker-1] INFO  c.j.service.indexing.IndexingService - Processing 15 enabled projects sequentially (0 disabled projects skipped)
2025-10-13 00:23:54 [DefaultDispatcher-worker-1] INFO  c.j.service.indexing.IndexingService - Starting comprehensive indexing for project: nUFO
2025-10-13 00:23:54 [DefaultDispatcher-worker-1] INFO  c.j.service.indexing.IndexingService - Starting PIPELINE indexing for project: nUFO
2025-10-13 00:23:54 [DefaultDispatcher-worker-1] INFO  c.j.s.i.m.IndexingMonitorService - Starting indexing for project: nUFO (6899c257da153e7412354395)
2025-10-13 00:23:54 [DefaultDispatcher-worker-1] INFO  c.j.service.indexing.IndexingService - Marking existing documents as historical for project: nUFO
2025-10-13 00:23:54 [DefaultDispatcher-worker-3] WARN  c.j.s.i.HistoricalVersioningService - Error getting Git commit hash for project: 
java.io.IOException: Cannot run program "git" (in directory ""): error=2, No such file or directory
	at java.base/java.lang.ProcessBuilder.start(ProcessBuilder.java:1170)
	at java.base/java.lang.ProcessBuilder.start(ProcessBuilder.java:1089)
	at com.jervis.service.indexing.HistoricalVersioningService$getCurrentGitCommitHash$2.invokeSuspend(HistoricalVersioningService.kt:109)
	at kotlin.coroutines.jvm.internal.BaseContinuationImpl.resumeWith$$$capture(ContinuationImpl.kt:33)
	at kotlin.coroutines.jvm.internal.BaseContinuationImpl.resumeWith(ContinuationImpl.kt)
	at kotlinx.coroutines.DispatchedTask.run(DispatchedTask.kt:104)
	at kotlinx.coroutines.internal.LimitedDispatcher$Worker.run(LimitedDispatcher.kt:111)
	at kotlinx.coroutines.scheduling.TaskImpl.run(Tasks.kt:99)
	at kotlinx.coroutines.scheduling.CoroutineScheduler.runSafely(CoroutineScheduler.kt:584)
	at kotlinx.coroutines.scheduling.CoroutineScheduler$Worker.executeTask(CoroutineScheduler.kt:811)
	at kotlinx.coroutines.scheduling.CoroutineScheduler$Worker.runWorker(CoroutineScheduler.kt:715)
	at kotlinx.coroutines.scheduling.CoroutineScheduler$Worker.run(CoroutineScheduler.kt:702)
Caused by: java.io.IOException: error=2, No such file or directory
	at java.base/java.lang.ProcessImpl.forkAndExec(Native Method)
	at java.base/java.lang.ProcessImpl.<init>(ProcessImpl.java:295)
	at java.base/java.lang.ProcessImpl.start(ProcessImpl.java:225)
	at java.base/java.lang.ProcessBuilder.start(ProcessBuilder.java:1126)
	... 11 common frames omitted
2025-10-13 00:23:54 [DefaultDispatcher-worker-1] INFO  c.j.s.i.HistoricalVersioningService - Marking existing documents as historical for project: 6899c257da153e7412354395
2025-10-13 00:23:54 [DefaultDispatcher-worker-1] DEBUG c.j.s.i.HistoricalVersioningService - Found 0 CURRENT documents to mark as historical in EMBEDDING_TEXT collection
2025-10-13 00:23:54 [DefaultDispatcher-worker-1] DEBUG c.j.s.i.HistoricalVersioningService - Would mark 0 documents as historical in EMBEDDING_TEXT collection
2025-10-13 00:23:54 [DefaultDispatcher-worker-1] DEBUG c.j.s.i.HistoricalVersioningService - Found 0 CURRENT documents to mark as historical in EMBEDDING_CODE collection
2025-10-13 00:23:54 [DefaultDispatcher-worker-1] DEBUG c.j.s.i.HistoricalVersioningService - Would mark 0 documents as historical in EMBEDDING_CODE collection
2025-10-13 00:23:54 [DefaultDispatcher-worker-1] INFO  c.j.s.i.HistoricalVersioningService - Historical versioning completed for project: 6899c257da153e7412354395 - Would mark 0 documents
2025-10-13 00:23:54 [DefaultDispatcher-worker-1] INFO  c.j.service.indexing.IndexingService - Historical versioning completed for project: nUFO - Marked historical: 0, Preserved: 0, Errors: 0
2025-10-13 00:23:54 [DefaultDispatcher-worker-1] INFO  c.j.service.indexing.IndexingService - PHASE 1: Starting Joern pipeline for project: nUFO
2025-10-13 00:23:54 [DefaultDispatcher-worker-1] INFO  c.j.s.i.p.IndexingPipelineService - PIPELINE_START: Starting streaming indexation for project: nUFO
2025-10-13 00:23:54 [DefaultDispatcher-worker-1] WARN  reactor.core.Exceptions - throwIfFatal detected a jvm fatal exception, which is thrown and logged below:
java.lang.NoClassDefFoundError: com/jervis/service/IIndexingMonitorService$DefaultImpls
	at com.jervis.service.indexing.pipeline.IndexingPipelineService$indexProjectWithPipeline$2.invokeSuspend(IndexingPipelineService.kt:64)
	Suppressed: reactor.core.publisher.FluxOnAssembly$OnAssemblyException: 
Error has been observed at the following site(s):
	*__checkpoint ⇢ Handler com.jervis.controller.IndexingRestController#indexAllProjects(List, Continuation) [DispatcherHandler]
Original Stack Trace:
		at com.jervis.service.indexing.pipeline.IndexingPipelineService$indexProjectWithPipeline$2.invokeSuspend(IndexingPipelineService.kt:64)
		at com.jervis.service.indexing.pipeline.IndexingPipelineService$indexProjectWithPipeline$2.invoke(IndexingPipelineService.kt)
		at com.jervis.service.indexing.pipeline.IndexingPipelineService$indexProjectWithPipeline$2.invoke(IndexingPipelineService.kt)
		at kotlinx.coroutines.intrinsics.UndispatchedKt.startUndispatchedOrReturn(Undispatched.kt:61)
		at kotlinx.coroutines.CoroutineScopeKt.coroutineScope(CoroutineScope.kt:261)
		at com.jervis.service.indexing.pipeline.IndexingPipelineService.indexProjectWithPipeline$suspendImpl(IndexingPipelineService.kt:59)
		at com.jervis.service.indexing.pipeline.IndexingPipelineService.indexProjectWithPipeline(IndexingPipelineService.kt)
		at com.jervis.service.indexing.IndexingService$indexProject$2.invokeSuspend(IndexingService.kt:95)
		at kotlin.coroutines.jvm.internal.BaseContinuationImpl.resumeWith$$$capture(ContinuationImpl.kt:33)
		at kotlin.coroutines.jvm.internal.BaseContinuationImpl.resumeWith(ContinuationImpl.kt)
		at kotlinx.coroutines.UndispatchedCoroutine.afterResume(CoroutineContext.kt:266)
		at kotlinx.coroutines.AbstractCoroutine.resumeWith(AbstractCoroutine.kt:99)
		at kotlin.coroutines.jvm.internal.BaseContinuationImpl.resumeWith$$$capture(ContinuationImpl.kt:46)
		at kotlin.coroutines.jvm.internal.BaseContinuationImpl.resumeWith(ContinuationImpl.kt)
		at kotlinx.coroutines.DispatchedTask.run(DispatchedTask.kt:104)
		at kotlinx.coroutines.scheduling.CoroutineScheduler.runSafely(CoroutineScheduler.kt:584)
		at kotlinx.coroutines.scheduling.CoroutineScheduler$Worker.executeTask(CoroutineScheduler.kt:811)
		at kotlinx.coroutines.scheduling.CoroutineScheduler$Worker.runWorker(CoroutineScheduler.kt:715)
		at kotlinx.coroutines.scheduling.CoroutineScheduler$Worker.run(CoroutineScheduler.kt:702)
Caused by: java.lang.ClassNotFoundException: com.jervis.service.IIndexingMonitorService$DefaultImpls
	at java.base/jdk.internal.loader.BuiltinClassLoader.loadClass(BuiltinClassLoader.java:641)
	at java.base/jdk.internal.loader.ClassLoaders$AppClassLoader.loadClass(ClassLoaders.java:188)
	at java.base/java.lang.ClassLoader.loadClass(ClassLoader.java:526)
	at com.jervis.service.indexing.pipeline.IndexingPipelineService$indexProjectWithPipeline$2.invokeSuspend(IndexingPipelineService.kt:64)
	at com.jervis.service.indexing.pipeline.IndexingPipelineService$indexProjectWithPipeline$2.invoke(IndexingPipelineService.kt)
	at com.jervis.service.indexing.pipeline.IndexingPipelineService$indexProjectWithPipeline$2.invoke(IndexingPipelineService.kt)
	at kotlinx.coroutines.intrinsics.UndispatchedKt.startUndispatchedOrReturn(Undispatched.kt:61)
	at kotlinx.coroutines.CoroutineScopeKt.coroutineScope(CoroutineScope.kt:261)
	at com.jervis.service.indexing.pipeline.IndexingPipelineService.indexProjectWithPipeline$suspendImpl(IndexingPipelineService.kt:59)
	at com.jervis.service.indexing.pipeline.IndexingPipelineService.indexProjectWithPipeline(IndexingPipelineService.kt)
	at com.jervis.service.indexing.IndexingService$indexProject$2.invokeSuspend(IndexingService.kt:95)
	at kotlin.coroutines.jvm.internal.BaseContinuationImpl.resumeWith$$$capture(ContinuationImpl.kt:33)
	at kotlin.coroutines.jvm.internal.BaseContinuationImpl.resumeWith(ContinuationImpl.kt)
	at kotlinx.coroutines.UndispatchedCoroutine.afterResume(CoroutineContext.kt:266)
	at kotlinx.coroutines.AbstractCoroutine.resumeWith(AbstractCoroutine.kt:99)
	at kotlin.coroutines.jvm.internal.BaseContinuationImpl.resumeWith$$$capture(ContinuationImpl.kt:46)
	at kotlin.coroutines.jvm.internal.BaseContinuationImpl.resumeWith(ContinuationImpl.kt)
	at kotlinx.coroutines.DispatchedTask.run(DispatchedTask.kt:104)
	at kotlinx.coroutines.scheduling.CoroutineScheduler.runSafely(CoroutineScheduler.kt:584)
	at kotlinx.coroutines.scheduling.CoroutineScheduler$Worker.executeTask(CoroutineScheduler.kt:811)
	at kotlinx.coroutines.scheduling.CoroutineScheduler$Worker.runWorker(CoroutineScheduler.kt:715)
	at kotlinx.coroutines.scheduling.CoroutineScheduler$Worker.run(CoroutineScheduler.kt:702)
2025-10-13 00:23:54 [DefaultDispatcher-worker-1] WARN  reactor.core.Exceptions - throwIfFatal detected a jvm fatal exception, which is thrown and logged below:
java.lang.NoClassDefFoundError: com/jervis/service/IIndexingMonitorService$DefaultImpls
	at com.jervis.service.indexing.pipeline.IndexingPipelineService$indexProjectWithPipeline$2.invokeSuspend(IndexingPipelineService.kt:64)
	Suppressed: reactor.core.publisher.FluxOnAssembly$OnAssemblyException: 
Error has been observed at the following site(s):
	*__checkpoint ⇢ Handler com.jervis.controller.IndexingRestController#indexAllProjects(List, Continuation) [DispatcherHandler]
Original Stack Trace:
		at com.jervis.service.indexing.pipeline.IndexingPipelineService$indexProjectWithPipeline$2.invokeSuspend(IndexingPipelineService.kt:64)
		at com.jervis.service.indexing.pipeline.IndexingPipelineService$indexProjectWithPipeline$2.invoke(IndexingPipelineService.kt)
		at com.jervis.service.indexing.pipeline.IndexingPipelineService$indexProjectWithPipeline$2.invoke(IndexingPipelineService.kt)
		at kotlinx.coroutines.intrinsics.UndispatchedKt.startUndispatchedOrReturn(Undispatched.kt:61)
		at kotlinx.coroutines.CoroutineScopeKt.coroutineScope(CoroutineScope.kt:261)
		at com.jervis.service.indexing.pipeline.IndexingPipelineService.indexProjectWithPipeline$suspendImpl(IndexingPipelineService.kt:59)
		at com.jervis.service.indexing.pipeline.IndexingPipelineService.indexProjectWithPipeline(IndexingPipelineService.kt)
		at com.jervis.service.indexing.IndexingService$indexProject$2.invokeSuspend(IndexingService.kt:95)
		at kotlin.coroutines.jvm.internal.BaseContinuationImpl.resumeWith$$$capture(ContinuationImpl.kt:33)
		at kotlin.coroutines.jvm.internal.BaseContinuationImpl.resumeWith(ContinuationImpl.kt)
		at kotlinx.coroutines.UndispatchedCoroutine.afterResume(CoroutineContext.kt:266)
		at kotlinx.coroutines.AbstractCoroutine.resumeWith(AbstractCoroutine.kt:99)
		at kotlin.coroutines.jvm.internal.BaseContinuationImpl.resumeWith$$$capture(ContinuationImpl.kt:46)
		at kotlin.coroutines.jvm.internal.BaseContinuationImpl.resumeWith(ContinuationImpl.kt)
		at kotlinx.coroutines.DispatchedTask.run(DispatchedTask.kt:104)
		at kotlinx.coroutines.scheduling.CoroutineScheduler.runSafely(CoroutineScheduler.kt:584)
		at kotlinx.coroutines.scheduling.CoroutineScheduler$Worker.executeTask(CoroutineScheduler.kt:811)
		at kotlinx.coroutines.scheduling.CoroutineScheduler$Worker.runWorker(CoroutineScheduler.kt:715)
		at kotlinx.coroutines.scheduling.CoroutineScheduler$Worker.run(CoroutineScheduler.kt:702)
Caused by: java.lang.ClassNotFoundException: com.jervis.service.IIndexingMonitorService$DefaultImpls
	at java.base/jdk.internal.loader.BuiltinClassLoader.loadClass(BuiltinClassLoader.java:641)
	at java.base/jdk.internal.loader.ClassLoaders$AppClassLoader.loadClass(ClassLoaders.java:188)
	at java.base/java.lang.ClassLoader.loadClass(ClassLoader.java:526)
	at com.jervis.service.indexing.pipeline.IndexingPipelineService$indexProjectWithPipeline$2.invokeSuspend(IndexingPipelineService.kt:64)
	at com.jervis.service.indexing.pipeline.IndexingPipelineService$indexProjectWithPipeline$2.invoke(IndexingPipelineService.kt)
	at com.jervis.service.indexing.pipeline.IndexingPipelineService$indexProjectWithPipeline$2.invoke(IndexingPipelineService.kt)
	at kotlinx.coroutines.intrinsics.UndispatchedKt.startUndispatchedOrReturn(Undispatched.kt:61)
	at kotlinx.coroutines.CoroutineScopeKt.coroutineScope(CoroutineScope.kt:261)
	at com.jervis.service.indexing.pipeline.IndexingPipelineService.indexProjectWithPipeline$suspendImpl(IndexingPipelineService.kt:59)
	at com.jervis.service.indexing.pipeline.IndexingPipelineService.indexProjectWithPipeline(IndexingPipelineService.kt)
	at com.jervis.service.indexing.IndexingService$indexProject$2.invokeSuspend(IndexingService.kt:95)
	at kotlin.coroutines.jvm.internal.BaseContinuationImpl.resumeWith$$$capture(ContinuationImpl.kt:33)
	at kotlin.coroutines.jvm.internal.BaseContinuationImpl.resumeWith(ContinuationImpl.kt)
	at kotlinx.coroutines.UndispatchedCoroutine.afterResume(CoroutineContext.kt:266)
	at kotlinx.coroutines.AbstractCoroutine.resumeWith(AbstractCoroutine.kt:99)
	at kotlin.coroutines.jvm.internal.BaseContinuationImpl.resumeWith$$$capture(ContinuationImpl.kt:46)
	at kotlin.coroutines.jvm.internal.BaseContinuationImpl.resumeWith(ContinuationImpl.kt)
	at kotlinx.coroutines.DispatchedTask.run(DispatchedTask.kt:104)
	at kotlinx.coroutines.scheduling.CoroutineScheduler.runSafely(CoroutineScheduler.kt:584)
	at kotlinx.coroutines.scheduling.CoroutineScheduler$Worker.executeTask(CoroutineScheduler.kt:811)
	at kotlinx.coroutines.scheduling.CoroutineScheduler$Worker.runWorker(CoroutineScheduler.kt:715)
	at kotlinx.coroutines.scheduling.CoroutineScheduler$Worker.run(CoroutineScheduler.kt:702)
2025-10-13 00:23:54 [DefaultDispatcher-worker-1] WARN  reactor.core.Exceptions - throwIfFatal detected a jvm fatal exception, which is thrown and logged below:
java.lang.NoClassDefFoundError: com/jervis/service/IIndexingMonitorService$DefaultImpls
	at com.jervis.service.indexing.pipeline.IndexingPipelineService$indexProjectWithPipeline$2.invokeSuspend(IndexingPipelineService.kt:64)
	Suppressed: reactor.core.publisher.FluxOnAssembly$OnAssemblyException: 
Error has been observed at the following site(s):
	*__checkpoint ⇢ Handler com.jervis.controller.IndexingRestController#indexAllProjects(List, Continuation) [DispatcherHandler]
Original Stack Trace:
		at com.jervis.service.indexing.pipeline.IndexingPipelineService$indexProjectWithPipeline$2.invokeSuspend(IndexingPipelineService.kt:64)
		at com.jervis.service.indexing.pipeline.IndexingPipelineService$indexProjectWithPipeline$2.invoke(IndexingPipelineService.kt)
		at com.jervis.service.indexing.pipeline.IndexingPipelineService$indexProjectWithPipeline$2.invoke(IndexingPipelineService.kt)
		at kotlinx.coroutines.intrinsics.UndispatchedKt.startUndispatchedOrReturn(Undispatched.kt:61)
		at kotlinx.coroutines.CoroutineScopeKt.coroutineScope(CoroutineScope.kt:261)
		at com.jervis.service.indexing.pipeline.IndexingPipelineService.indexProjectWithPipeline$suspendImpl(IndexingPipelineService.kt:59)
		at com.jervis.service.indexing.pipeline.IndexingPipelineService.indexProjectWithPipeline(IndexingPipelineService.kt)
		at com.jervis.service.indexing.IndexingService$indexProject$2.invokeSuspend(IndexingService.kt:95)
		at kotlin.coroutines.jvm.internal.BaseContinuationImpl.resumeWith$$$capture(ContinuationImpl.kt:33)
		at kotlin.coroutines.jvm.internal.BaseContinuationImpl.resumeWith(ContinuationImpl.kt)
		at kotlinx.coroutines.UndispatchedCoroutine.afterResume(CoroutineContext.kt:266)
		at kotlinx.coroutines.AbstractCoroutine.resumeWith(AbstractCoroutine.kt:99)
		at kotlin.coroutines.jvm.internal.BaseContinuationImpl.resumeWith$$$capture(ContinuationImpl.kt:46)
		at kotlin.coroutines.jvm.internal.BaseContinuationImpl.resumeWith(ContinuationImpl.kt)
		at kotlinx.coroutines.DispatchedTask.run(DispatchedTask.kt:104)
		at kotlinx.coroutines.scheduling.CoroutineScheduler.runSafely(CoroutineScheduler.kt:584)
		at kotlinx.coroutines.scheduling.CoroutineScheduler$Worker.executeTask(CoroutineScheduler.kt:811)
		at kotlinx.coroutines.scheduling.CoroutineScheduler$Worker.runWorker(CoroutineScheduler.kt:715)
		at kotlinx.coroutines.scheduling.CoroutineScheduler$Worker.run(CoroutineScheduler.kt:702)
Caused by: java.lang.ClassNotFoundException: com.jervis.service.IIndexingMonitorService$DefaultImpls
	at java.base/jdk.internal.loader.BuiltinClassLoader.loadClass(BuiltinClassLoader.java:641)
	at java.base/jdk.internal.loader.ClassLoaders$AppClassLoader.loadClass(ClassLoaders.java:188)
	at java.base/java.lang.ClassLoader.loadClass(ClassLoader.java:526)
	at com.jervis.service.indexing.pipeline.IndexingPipelineService$indexProjectWithPipeline$2.invokeSuspend(IndexingPipelineService.kt:64)
	at com.jervis.service.indexing.pipeline.IndexingPipelineService$indexProjectWithPipeline$2.invoke(IndexingPipelineService.kt)
	at com.jervis.service.indexing.pipeline.IndexingPipelineService$indexProjectWithPipeline$2.invoke(IndexingPipelineService.kt)
	at kotlinx.coroutines.intrinsics.UndispatchedKt.startUndispatchedOrReturn(Undispatched.kt:61)
	at kotlinx.coroutines.CoroutineScopeKt.coroutineScope(CoroutineScope.kt:261)
	at com.jervis.service.indexing.pipeline.IndexingPipelineService.indexProjectWithPipeline$suspendImpl(IndexingPipelineService.kt:59)
	at com.jervis.service.indexing.pipeline.IndexingPipelineService.indexProjectWithPipeline(IndexingPipelineService.kt)
	at com.jervis.service.indexing.IndexingService$indexProject$2.invokeSuspend(IndexingService.kt:95)
	at kotlin.coroutines.jvm.internal.BaseContinuationImpl.resumeWith$$$capture(ContinuationImpl.kt:33)
	at kotlin.coroutines.jvm.internal.BaseContinuationImpl.resumeWith(ContinuationImpl.kt)
	at kotlinx.coroutines.UndispatchedCoroutine.afterResume(CoroutineContext.kt:266)
	at kotlinx.coroutines.AbstractCoroutine.resumeWith(AbstractCoroutine.kt:99)
	at kotlin.coroutines.jvm.internal.BaseContinuationImpl.resumeWith$$$capture(ContinuationImpl.kt:46)
	at kotlin.coroutines.jvm.internal.BaseContinuationImpl.resumeWith(ContinuationImpl.kt)
	at kotlinx.coroutines.DispatchedTask.run(DispatchedTask.kt:104)
	at kotlinx.coroutines.scheduling.CoroutineScheduler.runSafely(CoroutineScheduler.kt:584)
	at kotlinx.coroutines.scheduling.CoroutineScheduler$Worker.executeTask(CoroutineScheduler.kt:811)
	at kotlinx.coroutines.scheduling.CoroutineScheduler$Worker.runWorker(CoroutineScheduler.kt:715)
	at kotlinx.coroutines.scheduling.CoroutineScheduler$Worker.run(CoroutineScheduler.kt:702)
2025-10-13 00:23:54 [DefaultDispatcher-worker-1] WARN  reactor.core.Exceptions - throwIfFatal detected a jvm fatal exception, which is thrown and logged below:
java.lang.NoClassDefFoundError: com/jervis/service/IIndexingMonitorService$DefaultImpls
	at com.jervis.service.indexing.pipeline.IndexingPipelineService$indexProjectWithPipeline$2.invokeSuspend(IndexingPipelineService.kt:64)
	Suppressed: reactor.core.publisher.FluxOnAssembly$OnAssemblyException: 
Error has been observed at the following site(s):
	*__checkpoint ⇢ Handler com.jervis.controller.IndexingRestController#indexAllProjects(List, Continuation) [DispatcherHandler]
Original Stack Trace:
		at com.jervis.service.indexing.pipeline.IndexingPipelineService$indexProjectWithPipeline$2.invokeSuspend(IndexingPipelineService.kt:64)
		at com.jervis.service.indexing.pipeline.IndexingPipelineService$indexProjectWithPipeline$2.invoke(IndexingPipelineService.kt)
		at com.jervis.service.indexing.pipeline.IndexingPipelineService$indexProjectWithPipeline$2.invoke(IndexingPipelineService.kt)
		at kotlinx.coroutines.intrinsics.UndispatchedKt.startUndispatchedOrReturn(Undispatched.kt:61)
		at kotlinx.coroutines.CoroutineScopeKt.coroutineScope(CoroutineScope.kt:261)
		at com.jervis.service.indexing.pipeline.IndexingPipelineService.indexProjectWithPipeline$suspendImpl(IndexingPipelineService.kt:59)
		at com.jervis.service.indexing.pipeline.IndexingPipelineService.indexProjectWithPipeline(IndexingPipelineService.kt)
		at com.jervis.service.indexing.IndexingService$indexProject$2.invokeSuspend(IndexingService.kt:95)
		at kotlin.coroutines.jvm.internal.BaseContinuationImpl.resumeWith$$$capture(ContinuationImpl.kt:33)
		at kotlin.coroutines.jvm.internal.BaseContinuationImpl.resumeWith(ContinuationImpl.kt)
		at kotlinx.coroutines.UndispatchedCoroutine.afterResume(CoroutineContext.kt:266)
		at kotlinx.coroutines.AbstractCoroutine.resumeWith(AbstractCoroutine.kt:99)
		at kotlin.coroutines.jvm.internal.BaseContinuationImpl.resumeWith$$$capture(ContinuationImpl.kt:46)
		at kotlin.coroutines.jvm.internal.BaseContinuationImpl.resumeWith(ContinuationImpl.kt)
		at kotlinx.coroutines.DispatchedTask.run(DispatchedTask.kt:104)
		at kotlinx.coroutines.scheduling.CoroutineScheduler.runSafely(CoroutineScheduler.kt:584)
		at kotlinx.coroutines.scheduling.CoroutineScheduler$Worker.executeTask(CoroutineScheduler.kt:811)
		at kotlinx.coroutines.scheduling.CoroutineScheduler$Worker.runWorker(CoroutineScheduler.kt:715)
		at kotlinx.coroutines.scheduling.CoroutineScheduler$Worker.run(CoroutineScheduler.kt:702)
Caused by: java.lang.ClassNotFoundException: com.jervis.service.IIndexingMonitorService$DefaultImpls
	at java.base/jdk.internal.loader.BuiltinClassLoader.loadClass(BuiltinClassLoader.java:641)
	at java.base/jdk.internal.loader.ClassLoaders$AppClassLoader.loadClass(ClassLoaders.java:188)
	at java.base/java.lang.ClassLoader.loadClass(ClassLoader.java:526)
	at com.jervis.service.indexing.pipeline.IndexingPipelineService$indexProjectWithPipeline$2.invokeSuspend(IndexingPipelineService.kt:64)
	at com.jervis.service.indexing.pipeline.IndexingPipelineService$indexProjectWithPipeline$2.invoke(IndexingPipelineService.kt)
	at com.jervis.service.indexing.pipeline.IndexingPipelineService$indexProjectWithPipeline$2.invoke(IndexingPipelineService.kt)
	at kotlinx.coroutines.intrinsics.UndispatchedKt.startUndispatchedOrReturn(Undispatched.kt:61)
	at kotlinx.coroutines.CoroutineScopeKt.coroutineScope(CoroutineScope.kt:261)
	at com.jervis.service.indexing.pipeline.IndexingPipelineService.indexProjectWithPipeline$suspendImpl(IndexingPipelineService.kt:59)
	at com.jervis.service.indexing.pipeline.IndexingPipelineService.indexProjectWithPipeline(IndexingPipelineService.kt)
	at com.jervis.service.indexing.IndexingService$indexProject$2.invokeSuspend(IndexingService.kt:95)
	at kotlin.coroutines.jvm.internal.BaseContinuationImpl.resumeWith$$$capture(ContinuationImpl.kt:33)
	at kotlin.coroutines.jvm.internal.BaseContinuationImpl.resumeWith(ContinuationImpl.kt)
	at kotlinx.coroutines.UndispatchedCoroutine.afterResume(CoroutineContext.kt:266)
	at kotlinx.coroutines.AbstractCoroutine.resumeWith(AbstractCoroutine.kt:99)
	at kotlin.coroutines.jvm.internal.BaseContinuationImpl.resumeWith$$$capture(ContinuationImpl.kt:46)
	at kotlin.coroutines.jvm.internal.BaseContinuationImpl.resumeWith(ContinuationImpl.kt)
	at kotlinx.coroutines.DispatchedTask.run(DispatchedTask.kt:104)
	at kotlinx.coroutines.scheduling.CoroutineScheduler.runSafely(CoroutineScheduler.kt:584)
	at kotlinx.coroutines.scheduling.CoroutineScheduler$Worker.executeTask(CoroutineScheduler.kt:811)
	at kotlinx.coroutines.scheduling.CoroutineScheduler$Worker.runWorker(CoroutineScheduler.kt:715)
	at kotlinx.coroutines.scheduling.CoroutineScheduler$Worker.run(CoroutineScheduler.kt:702)
2025-10-13 00:40:10 [DefaultDispatcher-worker-1] INFO  c.j.service.indexing.IndexingService - Starting PIPELINE indexing for project: J.E.R.V.I.S.
2025-10-13 00:40:10 [DefaultDispatcher-worker-1] INFO  c.j.s.i.m.IndexingMonitorService - Starting indexing for project: J.E.R.V.I.S. (68a3318fda153e741235437f)
2025-10-13 00:40:10 [DefaultDispatcher-worker-1] INFO  c.j.service.indexing.IndexingService - Marking existing documents as historical for project: J.E.R.V.I.S.
2025-10-13 00:40:10 [DefaultDispatcher-worker-1] WARN  c.j.s.i.HistoricalVersioningService - Error getting Git commit hash for project: 
java.io.IOException: Cannot run program "git" (in directory ""): error=2, No such file or directory
	at java.base/java.lang.ProcessBuilder.start(ProcessBuilder.java:1170)
	at java.base/java.lang.ProcessBuilder.start(ProcessBuilder.java:1089)
	at com.jervis.service.indexing.HistoricalVersioningService$getCurrentGitCommitHash$2.invokeSuspend(HistoricalVersioningService.kt:109)
	at kotlin.coroutines.jvm.internal.BaseContinuationImpl.resumeWith$$$capture(ContinuationImpl.kt:33)
	at kotlin.coroutines.jvm.internal.BaseContinuationImpl.resumeWith(ContinuationImpl.kt)
	at kotlinx.coroutines.DispatchedTask.run(DispatchedTask.kt:104)
	at kotlinx.coroutines.internal.LimitedDispatcher$Worker.run(LimitedDispatcher.kt:111)
	at kotlinx.coroutines.scheduling.TaskImpl.run(Tasks.kt:99)
	at kotlinx.coroutines.scheduling.CoroutineScheduler.runSafely(CoroutineScheduler.kt:584)
	at kotlinx.coroutines.scheduling.CoroutineScheduler$Worker.executeTask(CoroutineScheduler.kt:811)
	at kotlinx.coroutines.scheduling.CoroutineScheduler$Worker.runWorker(CoroutineScheduler.kt:715)
	at kotlinx.coroutines.scheduling.CoroutineScheduler$Worker.run(CoroutineScheduler.kt:702)
Caused by: java.io.IOException: error=2, No such file or directory
	at java.base/java.lang.ProcessImpl.forkAndExec(Native Method)
	at java.base/java.lang.ProcessImpl.<init>(ProcessImpl.java:295)
	at java.base/java.lang.ProcessImpl.start(ProcessImpl.java:225)
	at java.base/java.lang.ProcessBuilder.start(ProcessBuilder.java:1126)
	... 11 common frames omitted
2025-10-13 00:40:10 [DefaultDispatcher-worker-1] INFO  c.j.s.i.HistoricalVersioningService - Marking existing documents as historical for project: 68a3318fda153e741235437f
2025-10-13 00:40:10 [DefaultDispatcher-worker-2] DEBUG c.j.s.i.HistoricalVersioningService - Found 0 CURRENT documents to mark as historical in EMBEDDING_TEXT collection
2025-10-13 00:40:10 [DefaultDispatcher-worker-2] DEBUG c.j.s.i.HistoricalVersioningService - Would mark 0 documents as historical in EMBEDDING_TEXT collection
2025-10-13 00:40:10 [DefaultDispatcher-worker-2] DEBUG c.j.s.i.HistoricalVersioningService - Found 0 CURRENT documents to mark as historical in EMBEDDING_CODE collection
2025-10-13 00:40:10 [DefaultDispatcher-worker-2] DEBUG c.j.s.i.HistoricalVersioningService - Would mark 0 documents as historical in EMBEDDING_CODE collection
2025-10-13 00:40:10 [DefaultDispatcher-worker-2] INFO  c.j.s.i.HistoricalVersioningService - Historical versioning completed for project: 68a3318fda153e741235437f - Would mark 0 documents
2025-10-13 00:40:10 [DefaultDispatcher-worker-2] INFO  c.j.service.indexing.IndexingService - Historical versioning completed for project: J.E.R.V.I.S. - Marked historical: 0, Preserved: 0, Errors: 0
2025-10-13 00:40:10 [DefaultDispatcher-worker-2] INFO  c.j.service.indexing.IndexingService - PHASE 1: Starting Joern pipeline for project: J.E.R.V.I.S.
2025-10-13 00:40:10 [DefaultDispatcher-worker-2] INFO  c.j.s.i.p.IndexingPipelineService - PIPELINE_START: Starting streaming indexation for project: J.E.R.V.I.S.
2025-10-13 00:40:10 [DefaultDispatcher-worker-2] WARN  reactor.core.Exceptions - throwIfFatal detected a jvm fatal exception, which is thrown and logged below:
java.lang.NoClassDefFoundError: com/jervis/service/IIndexingMonitorService$DefaultImpls
	at com.jervis.service.indexing.pipeline.IndexingPipelineService$indexProjectWithPipeline$2.invokeSuspend(IndexingPipelineService.kt:64)
	Suppressed: reactor.core.publisher.FluxOnAssembly$OnAssemblyException: 
Error has been observed at the following site(s):
	*__checkpoint ⇢ Handler com.jervis.controller.IndexingRestController#indexProject(ProjectDocument, Continuation) [DispatcherHandler]
Original Stack Trace:
		at com.jervis.service.indexing.pipeline.IndexingPipelineService$indexProjectWithPipeline$2.invokeSuspend(IndexingPipelineService.kt:64)
		at com.jervis.service.indexing.pipeline.IndexingPipelineService$indexProjectWithPipeline$2.invoke(IndexingPipelineService.kt)
		at com.jervis.service.indexing.pipeline.IndexingPipelineService$indexProjectWithPipeline$2.invoke(IndexingPipelineService.kt)
		at kotlinx.coroutines.intrinsics.UndispatchedKt.startUndispatchedOrReturn(Undispatched.kt:61)
		at kotlinx.coroutines.CoroutineScopeKt.coroutineScope(CoroutineScope.kt:261)
		at com.jervis.service.indexing.pipeline.IndexingPipelineService.indexProjectWithPipeline$suspendImpl(IndexingPipelineService.kt:59)
		at com.jervis.service.indexing.pipeline.IndexingPipelineService.indexProjectWithPipeline(IndexingPipelineService.kt)
		at com.jervis.service.indexing.IndexingService$indexProject$2.invokeSuspend(IndexingService.kt:95)
		at kotlin.coroutines.jvm.internal.BaseContinuationImpl.resumeWith$$$capture(ContinuationImpl.kt:33)
		at kotlin.coroutines.jvm.internal.BaseContinuationImpl.resumeWith(ContinuationImpl.kt)
		at kotlinx.coroutines.UndispatchedCoroutine.afterResume(CoroutineContext.kt:266)
		at kotlinx.coroutines.AbstractCoroutine.resumeWith(AbstractCoroutine.kt:99)
		at kotlin.coroutines.jvm.internal.BaseContinuationImpl.resumeWith$$$capture(ContinuationImpl.kt:46)
		at kotlin.coroutines.jvm.internal.BaseContinuationImpl.resumeWith(ContinuationImpl.kt)
		at kotlinx.coroutines.DispatchedTask.run(DispatchedTask.kt:104)
		at kotlinx.coroutines.scheduling.CoroutineScheduler.runSafely(CoroutineScheduler.kt:584)
		at kotlinx.coroutines.scheduling.CoroutineScheduler$Worker.executeTask(CoroutineScheduler.kt:811)
		at kotlinx.coroutines.scheduling.CoroutineScheduler$Worker.runWorker(CoroutineScheduler.kt:715)
		at kotlinx.coroutines.scheduling.CoroutineScheduler$Worker.run(CoroutineScheduler.kt:702)
Caused by: java.lang.ClassNotFoundException: com.jervis.service.IIndexingMonitorService$DefaultImpls
	at com.jervis.service.indexing.pipeline.IndexingPipelineService$indexProjectWithPipeline$2.invokeSuspend(IndexingPipelineService.kt:64)
	at com.jervis.service.indexing.pipeline.IndexingPipelineService$indexProjectWithPipeline$2.invoke(IndexingPipelineService.kt)
	at com.jervis.service.indexing.pipeline.IndexingPipelineService$indexProjectWithPipeline$2.invoke(IndexingPipelineService.kt)
	at kotlinx.coroutines.intrinsics.UndispatchedKt.startUndispatchedOrReturn(Undispatched.kt:61)
	at kotlinx.coroutines.CoroutineScopeKt.coroutineScope(CoroutineScope.kt:261)
	at com.jervis.service.indexing.pipeline.IndexingPipelineService.indexProjectWithPipeline$suspendImpl(IndexingPipelineService.kt:59)
	at com.jervis.service.indexing.pipeline.IndexingPipelineService.indexProjectWithPipeline(IndexingPipelineService.kt)
	at com.jervis.service.indexing.IndexingService$indexProject$2.invokeSuspend(IndexingService.kt:95)
	at kotlin.coroutines.jvm.internal.BaseContinuationImpl.resumeWith$$$capture(ContinuationImpl.kt:33)
	at kotlin.coroutines.jvm.internal.BaseContinuationImpl.resumeWith(ContinuationImpl.kt)
	at kotlinx.coroutines.UndispatchedCoroutine.afterResume(CoroutineContext.kt:266)
	at kotlinx.coroutines.AbstractCoroutine.resumeWith(AbstractCoroutine.kt:99)
	at kotlin.coroutines.jvm.internal.BaseContinuationImpl.resumeWith$$$capture(ContinuationImpl.kt:46)
	at kotlin.coroutines.jvm.internal.BaseContinuationImpl.resumeWith(ContinuationImpl.kt)
	at kotlinx.coroutines.DispatchedTask.run(DispatchedTask.kt:104)
	at kotlinx.coroutines.scheduling.CoroutineScheduler.runSafely(CoroutineScheduler.kt:584)
	at kotlinx.coroutines.scheduling.CoroutineScheduler$Worker.executeTask(CoroutineScheduler.kt:811)
	at kotlinx.coroutines.scheduling.CoroutineScheduler$Worker.runWorker(CoroutineScheduler.kt:715)
	at kotlinx.coroutines.scheduling.CoroutineScheduler$Worker.run(CoroutineScheduler.kt:702)
2025-10-13 00:40:10 [DefaultDispatcher-worker-2] WARN  reactor.core.Exceptions - throwIfFatal detected a jvm fatal exception, which is thrown and logged below:
java.lang.NoClassDefFoundError: com/jervis/service/IIndexingMonitorService$DefaultImpls
	at com.jervis.service.indexing.pipeline.IndexingPipelineService$indexProjectWithPipeline$2.invokeSuspend(IndexingPipelineService.kt:64)
	Suppressed: reactor.core.publisher.FluxOnAssembly$OnAssemblyException: 
Error has been observed at the following site(s):
	*__checkpoint ⇢ Handler com.jervis.controller.IndexingRestController#indexProject(ProjectDocument, Continuation) [DispatcherHandler]
Original Stack Trace:
		at com.jervis.service.indexing.pipeline.IndexingPipelineService$indexProjectWithPipeline$2.invokeSuspend(IndexingPipelineService.kt:64)
		at com.jervis.service.indexing.pipeline.IndexingPipelineService$indexProjectWithPipeline$2.invoke(IndexingPipelineService.kt)
		at com.jervis.service.indexing.pipeline.IndexingPipelineService$indexProjectWithPipeline$2.invoke(IndexingPipelineService.kt)
		at kotlinx.coroutines.intrinsics.UndispatchedKt.startUndispatchedOrReturn(Undispatched.kt:61)
		at kotlinx.coroutines.CoroutineScopeKt.coroutineScope(CoroutineScope.kt:261)
		at com.jervis.service.indexing.pipeline.IndexingPipelineService.indexProjectWithPipeline$suspendImpl(IndexingPipelineService.kt:59)
		at com.jervis.service.indexing.pipeline.IndexingPipelineService.indexProjectWithPipeline(IndexingPipelineService.kt)
		at com.jervis.service.indexing.IndexingService$indexProject$2.invokeSuspend(IndexingService.kt:95)
		at kotlin.coroutines.jvm.internal.BaseContinuationImpl.resumeWith$$$capture(ContinuationImpl.kt:33)
		at kotlin.coroutines.jvm.internal.BaseContinuationImpl.resumeWith(ContinuationImpl.kt)
		at kotlinx.coroutines.UndispatchedCoroutine.afterResume(CoroutineContext.kt:266)
		at kotlinx.coroutines.AbstractCoroutine.resumeWith(AbstractCoroutine.kt:99)
		at kotlin.coroutines.jvm.internal.BaseContinuationImpl.resumeWith$$$capture(ContinuationImpl.kt:46)
		at kotlin.coroutines.jvm.internal.BaseContinuationImpl.resumeWith(ContinuationImpl.kt)
		at kotlinx.coroutines.DispatchedTask.run(DispatchedTask.kt:104)
		at kotlinx.coroutines.scheduling.CoroutineScheduler.runSafely(CoroutineScheduler.kt:584)
		at kotlinx.coroutines.scheduling.CoroutineScheduler$Worker.executeTask(CoroutineScheduler.kt:811)
		at kotlinx.coroutines.scheduling.CoroutineScheduler$Worker.runWorker(CoroutineScheduler.kt:715)
		at kotlinx.coroutines.scheduling.CoroutineScheduler$Worker.run(CoroutineScheduler.kt:702)
Caused by: java.lang.ClassNotFoundException: com.jervis.service.IIndexingMonitorService$DefaultImpls
	at com.jervis.service.indexing.pipeline.IndexingPipelineService$indexProjectWithPipeline$2.invokeSuspend(IndexingPipelineService.kt:64)
	at com.jervis.service.indexing.pipeline.IndexingPipelineService$indexProjectWithPipeline$2.invoke(IndexingPipelineService.kt)
	at com.jervis.service.indexing.pipeline.IndexingPipelineService$indexProjectWithPipeline$2.invoke(IndexingPipelineService.kt)
	at kotlinx.coroutines.intrinsics.UndispatchedKt.startUndispatchedOrReturn(Undispatched.kt:61)
	at kotlinx.coroutines.CoroutineScopeKt.coroutineScope(CoroutineScope.kt:261)
	at com.jervis.service.indexing.pipeline.IndexingPipelineService.indexProjectWithPipeline$suspendImpl(IndexingPipelineService.kt:59)
	at com.jervis.service.indexing.pipeline.IndexingPipelineService.indexProjectWithPipeline(IndexingPipelineService.kt)
	at com.jervis.service.indexing.IndexingService$indexProject$2.invokeSuspend(IndexingService.kt:95)
	at kotlin.coroutines.jvm.internal.BaseContinuationImpl.resumeWith$$$capture(ContinuationImpl.kt:33)
	at kotlin.coroutines.jvm.internal.BaseContinuationImpl.resumeWith(ContinuationImpl.kt)
	at kotlinx.coroutines.UndispatchedCoroutine.afterResume(CoroutineContext.kt:266)
	at kotlinx.coroutines.AbstractCoroutine.resumeWith(AbstractCoroutine.kt:99)
	at kotlin.coroutines.jvm.internal.BaseContinuationImpl.resumeWith$$$capture(ContinuationImpl.kt:46)
	at kotlin.coroutines.jvm.internal.BaseContinuationImpl.resumeWith(ContinuationImpl.kt)
	at kotlinx.coroutines.DispatchedTask.run(DispatchedTask.kt:104)
	at kotlinx.coroutines.scheduling.CoroutineScheduler.runSafely(CoroutineScheduler.kt:584)
	at kotlinx.coroutines.scheduling.CoroutineScheduler$Worker.executeTask(CoroutineScheduler.kt:811)
	at kotlinx.coroutines.scheduling.CoroutineScheduler$Worker.runWorker(CoroutineScheduler.kt:715)
	at kotlinx.coroutines.scheduling.CoroutineScheduler$Worker.run(CoroutineScheduler.kt:702)
2025-10-13 00:40:10 [DefaultDispatcher-worker-2] WARN  reactor.core.Exceptions - throwIfFatal detected a jvm fatal exception, which is thrown and logged below:
java.lang.NoClassDefFoundError: com/jervis/service/IIndexingMonitorService$DefaultImpls
	at com.jervis.service.indexing.pipeline.IndexingPipelineService$indexProjectWithPipeline$2.invokeSuspend(IndexingPipelineService.kt:64)
	Suppressed: reactor.core.publisher.FluxOnAssembly$OnAssemblyException: 
Error has been observed at the following site(s):
	*__checkpoint ⇢ Handler com.jervis.controller.IndexingRestController#indexProject(ProjectDocument, Continuation) [DispatcherHandler]
Original Stack Trace:
		at com.jervis.service.indexing.pipeline.IndexingPipelineService$indexProjectWithPipeline$2.invokeSuspend(IndexingPipelineService.kt:64)
		at com.jervis.service.indexing.pipeline.IndexingPipelineService$indexProjectWithPipeline$2.invoke(IndexingPipelineService.kt)
		at com.jervis.service.indexing.pipeline.IndexingPipelineService$indexProjectWithPipeline$2.invoke(IndexingPipelineService.kt)
		at kotlinx.coroutines.intrinsics.UndispatchedKt.startUndispatchedOrReturn(Undispatched.kt:61)
		at kotlinx.coroutines.CoroutineScopeKt.coroutineScope(CoroutineScope.kt:261)
		at com.jervis.service.indexing.pipeline.IndexingPipelineService.indexProjectWithPipeline$suspendImpl(IndexingPipelineService.kt:59)
		at com.jervis.service.indexing.pipeline.IndexingPipelineService.indexProjectWithPipeline(IndexingPipelineService.kt)
		at com.jervis.service.indexing.IndexingService$indexProject$2.invokeSuspend(IndexingService.kt:95)
		at kotlin.coroutines.jvm.internal.BaseContinuationImpl.resumeWith$$$capture(ContinuationImpl.kt:33)
		at kotlin.coroutines.jvm.internal.BaseContinuationImpl.resumeWith(ContinuationImpl.kt)
		at kotlinx.coroutines.UndispatchedCoroutine.afterResume(CoroutineContext.kt:266)
		at kotlinx.coroutines.AbstractCoroutine.resumeWith(AbstractCoroutine.kt:99)
		at kotlin.coroutines.jvm.internal.BaseContinuationImpl.resumeWith$$$capture(ContinuationImpl.kt:46)
		at kotlin.coroutines.jvm.internal.BaseContinuationImpl.resumeWith(ContinuationImpl.kt)
		at kotlinx.coroutines.DispatchedTask.run(DispatchedTask.kt:104)
		at kotlinx.coroutines.scheduling.CoroutineScheduler.runSafely(CoroutineScheduler.kt:584)
		at kotlinx.coroutines.scheduling.CoroutineScheduler$Worker.executeTask(CoroutineScheduler.kt:811)
		at kotlinx.coroutines.scheduling.CoroutineScheduler$Worker.runWorker(CoroutineScheduler.kt:715)
		at kotlinx.coroutines.scheduling.CoroutineScheduler$Worker.run(CoroutineScheduler.kt:702)
Caused by: java.lang.ClassNotFoundException: com.jervis.service.IIndexingMonitorService$DefaultImpls
	at com.jervis.service.indexing.pipeline.IndexingPipelineService$indexProjectWithPipeline$2.invokeSuspend(IndexingPipelineService.kt:64)
	at com.jervis.service.indexing.pipeline.IndexingPipelineService$indexProjectWithPipeline$2.invoke(IndexingPipelineService.kt)
	at com.jervis.service.indexing.pipeline.IndexingPipelineService$indexProjectWithPipeline$2.invoke(IndexingPipelineService.kt)
	at kotlinx.coroutines.intrinsics.UndispatchedKt.startUndispatchedOrReturn(Undispatched.kt:61)
	at kotlinx.coroutines.CoroutineScopeKt.coroutineScope(CoroutineScope.kt:261)
	at com.jervis.service.indexing.pipeline.IndexingPipelineService.indexProjectWithPipeline$suspendImpl(IndexingPipelineService.kt:59)
	at com.jervis.service.indexing.pipeline.IndexingPipelineService.indexProjectWithPipeline(IndexingPipelineService.kt)
	at com.jervis.service.indexing.IndexingService$indexProject$2.invokeSuspend(IndexingService.kt:95)
	at kotlin.coroutines.jvm.internal.BaseContinuationImpl.resumeWith$$$capture(ContinuationImpl.kt:33)
	at kotlin.coroutines.jvm.internal.BaseContinuationImpl.resumeWith(ContinuationImpl.kt)
	at kotlinx.coroutines.UndispatchedCoroutine.afterResume(CoroutineContext.kt:266)
	at kotlinx.coroutines.AbstractCoroutine.resumeWith(AbstractCoroutine.kt:99)
	at kotlin.coroutines.jvm.internal.BaseContinuationImpl.resumeWith$$$capture(ContinuationImpl.kt:46)
	at kotlin.coroutines.jvm.internal.BaseContinuationImpl.resumeWith(ContinuationImpl.kt)
	at kotlinx.coroutines.DispatchedTask.run(DispatchedTask.kt:104)
	at kotlinx.coroutines.scheduling.CoroutineScheduler.runSafely(CoroutineScheduler.kt:584)
	at kotlinx.coroutines.scheduling.CoroutineScheduler$Worker.executeTask(CoroutineScheduler.kt:811)
	at kotlinx.coroutines.scheduling.CoroutineScheduler$Worker.runWorker(CoroutineScheduler.kt:715)
	at kotlinx.coroutines.scheduling.CoroutineScheduler$Worker.run(CoroutineScheduler.kt:702)
2025-10-13 00:40:10 [DefaultDispatcher-worker-2] WARN  reactor.core.Exceptions - throwIfFatal detected a jvm fatal exception, which is thrown and logged below:
java.lang.NoClassDefFoundError: com/jervis/service/IIndexingMonitorService$DefaultImpls
	at com.jervis.service.indexing.pipeline.IndexingPipelineService$indexProjectWithPipeline$2.invokeSuspend(IndexingPipelineService.kt:64)
	Suppressed: reactor.core.publisher.FluxOnAssembly$OnAssemblyException: 
Error has been observed at the following site(s):
	*__checkpoint ⇢ Handler com.jervis.controller.IndexingRestController#indexProject(ProjectDocument, Continuation) [DispatcherHandler]
Original Stack Trace:
		at com.jervis.service.indexing.pipeline.IndexingPipelineService$indexProjectWithPipeline$2.invokeSuspend(IndexingPipelineService.kt:64)
		at com.jervis.service.indexing.pipeline.IndexingPipelineService$indexProjectWithPipeline$2.invoke(IndexingPipelineService.kt)
		at com.jervis.service.indexing.pipeline.IndexingPipelineService$indexProjectWithPipeline$2.invoke(IndexingPipelineService.kt)
		at kotlinx.coroutines.intrinsics.UndispatchedKt.startUndispatchedOrReturn(Undispatched.kt:61)
		at kotlinx.coroutines.CoroutineScopeKt.coroutineScope(CoroutineScope.kt:261)
		at com.jervis.service.indexing.pipeline.IndexingPipelineService.indexProjectWithPipeline$suspendImpl(IndexingPipelineService.kt:59)
		at com.jervis.service.indexing.pipeline.IndexingPipelineService.indexProjectWithPipeline(IndexingPipelineService.kt)
		at com.jervis.service.indexing.IndexingService$indexProject$2.invokeSuspend(IndexingService.kt:95)
		at kotlin.coroutines.jvm.internal.BaseContinuationImpl.resumeWith$$$capture(ContinuationImpl.kt:33)
		at kotlin.coroutines.jvm.internal.BaseContinuationImpl.resumeWith(ContinuationImpl.kt)
		at kotlinx.coroutines.UndispatchedCoroutine.afterResume(CoroutineContext.kt:266)
		at kotlinx.coroutines.AbstractCoroutine.resumeWith(AbstractCoroutine.kt:99)
		at kotlin.coroutines.jvm.internal.BaseContinuationImpl.resumeWith$$$capture(ContinuationImpl.kt:46)
		at kotlin.coroutines.jvm.internal.BaseContinuationImpl.resumeWith(ContinuationImpl.kt)
		at kotlinx.coroutines.DispatchedTask.run(DispatchedTask.kt:104)
		at kotlinx.coroutines.scheduling.CoroutineScheduler.runSafely(CoroutineScheduler.kt:584)
		at kotlinx.coroutines.scheduling.CoroutineScheduler$Worker.executeTask(CoroutineScheduler.kt:811)
		at kotlinx.coroutines.scheduling.CoroutineScheduler$Worker.runWorker(CoroutineScheduler.kt:715)
		at kotlinx.coroutines.scheduling.CoroutineScheduler$Worker.run(CoroutineScheduler.kt:702)
Caused by: java.lang.ClassNotFoundException: com.jervis.service.IIndexingMonitorService$DefaultImpls
	at com.jervis.service.indexing.pipeline.IndexingPipelineService$indexProjectWithPipeline$2.invokeSuspend(IndexingPipelineService.kt:64)
	at com.jervis.service.indexing.pipeline.IndexingPipelineService$indexProjectWithPipeline$2.invoke(IndexingPipelineService.kt)
	at com.jervis.service.indexing.pipeline.IndexingPipelineService$indexProjectWithPipeline$2.invoke(IndexingPipelineService.kt)
	at kotlinx.coroutines.intrinsics.UndispatchedKt.startUndispatchedOrReturn(Undispatched.kt:61)
	at kotlinx.coroutines.CoroutineScopeKt.coroutineScope(CoroutineScope.kt:261)
	at com.jervis.service.indexing.pipeline.IndexingPipelineService.indexProjectWithPipeline$suspendImpl(IndexingPipelineService.kt:59)
	at com.jervis.service.indexing.pipeline.IndexingPipelineService.indexProjectWithPipeline(IndexingPipelineService.kt)
	at com.jervis.service.indexing.IndexingService$indexProject$2.invokeSuspend(IndexingService.kt:95)
	at kotlin.coroutines.jvm.internal.BaseContinuationImpl.resumeWith$$$capture(ContinuationImpl.kt:33)
	at kotlin.coroutines.jvm.internal.BaseContinuationImpl.resumeWith(ContinuationImpl.kt)
	at kotlinx.coroutines.UndispatchedCoroutine.afterResume(CoroutineContext.kt:266)
	at kotlinx.coroutines.AbstractCoroutine.resumeWith(AbstractCoroutine.kt:99)
	at kotlin.coroutines.jvm.internal.BaseContinuationImpl.resumeWith$$$capture(ContinuationImpl.kt:46)
	at kotlin.coroutines.jvm.internal.BaseContinuationImpl.resumeWith(ContinuationImpl.kt)
	at kotlinx.coroutines.DispatchedTask.run(DispatchedTask.kt:104)
	at kotlinx.coroutines.scheduling.CoroutineScheduler.runSafely(CoroutineScheduler.kt:584)
	at kotlinx.coroutines.scheduling.CoroutineScheduler$Worker.executeTask(CoroutineScheduler.kt:811)
	at kotlinx.coroutines.scheduling.CoroutineScheduler$Worker.runWorker(CoroutineScheduler.kt:715)
	at kotlinx.coroutines.scheduling.CoroutineScheduler$Worker.run(CoroutineScheduler.kt:702)
