kotlin version: 2.2.0
error message: java.lang.OutOfMemoryError: GC overhead limit exceeded
	at java.base/java.util.Arrays.copyOf(Arrays.java:3541)
	at java.base/java.lang.AbstractStringBuilder.ensureCapacityInternal(AbstractStringBuilder.java:242)
	at java.base/java.lang.AbstractStringBuilder.append(AbstractStringBuilder.java:587)
	at java.base/java.lang.StringBuilder.append(StringBuilder.java:179)
	at java.base/java.lang.StringBuilder.append(StringBuilder.java:91)
	at java.base/java.lang.AbstractStringBuilder.append(AbstractStringBuilder.java:626)
	at java.base/java.lang.StringBuilder.append(StringBuilder.java:209)
	at java.base/java.lang.StringBuilder.append(StringBuilder.java:91)
	at org.jetbrains.kotlin.utils.Printer.append(Printer.kt:39)
	at org.jetbrains.kotlin.utils.Printer.printWithNoIndent(Printer.kt:76)
	at org.jetbrains.kotlin.utils.Printer.print(Printer.kt:65)
	at org.jetbrains.kotlin.utils.Printer.println(Printer.kt:47)
	at org.jetbrains.kotlin.ir.util.DumpIrTreeVisitor.visitMemberAccess(DumpIrTree.kt:719)
	at org.jetbrains.kotlin.ir.util.DumpIrTreeVisitor.visitMemberAccess(DumpIrTree.kt:186)
	at org.jetbrains.kotlin.ir.visitors.IrVisitor.visitFunctionAccess(IrVisitor.kt:101)
	at org.jetbrains.kotlin.ir.visitors.IrVisitor.visitCall(IrVisitor.kt:146)
	at org.jetbrains.kotlin.ir.expressions.IrCall.accept(IrCall.kt:24)
	at org.jetbrains.kotlin.ir.util.DumpIrTreeVisitor.visitMemberAccess(DumpIrTree.kt:337)
	at org.jetbrains.kotlin.ir.util.DumpIrTreeVisitor.visitMemberAccess(DumpIrTree.kt:186)
	at org.jetbrains.kotlin.ir.visitors.IrVisitor.visitFunctionAccess(IrVisitor.kt:101)
	at org.jetbrains.kotlin.ir.visitors.IrVisitor.visitCall(IrVisitor.kt:146)
	at org.jetbrains.kotlin.ir.expressions.IrCall.accept(IrCall.kt:24)
	at org.jetbrains.kotlin.ir.expressions.IrReturn.acceptChildren(IrReturn.kt:27)
	at org.jetbrains.kotlin.ir.util.DumpIrTreeVisitor.visitElement(DumpIrTree.kt:204)
	at org.jetbrains.kotlin.ir.util.DumpIrTreeVisitor.visitElement(DumpIrTree.kt:186)
	at org.jetbrains.kotlin.ir.visitors.IrVisitor.visitExpression(IrVisitor.kt:83)
	at org.jetbrains.kotlin.ir.visitors.IrVisitor.visitReturn(IrVisitor.kt:236)
	at org.jetbrains.kotlin.ir.expressions.IrReturn.accept(IrReturn.kt:24)
	at org.jetbrains.kotlin.ir.expressions.IrBlockBody.acceptChildren(IrBlockBody.kt:23)
	at org.jetbrains.kotlin.ir.util.DumpIrTreeVisitor.visitElement(DumpIrTree.kt:204)
	at org.jetbrains.kotlin.ir.util.DumpIrTreeVisitor.visitElement(DumpIrTree.kt:186)
	at org.jetbrains.kotlin.ir.visitors.IrVisitor.visitBody(IrVisitor.kt:86)


