kotlin version: 2.2.0
error message: java.lang.OutOfMemoryError: GC overhead limit exceeded
	at java.base/java.util.ArrayList.iterator(ArrayList.java:1029)
	at org.jetbrains.kotlin.fir.declarations.DeprecationUtilsKt.extractDeprecationAnnotationInfoPerUseSite(deprecationUtils.kt:538)
	at org.jetbrains.kotlin.fir.declarations.DeprecationUtilsKt.getDeprecationsProviderFromAnnotations(deprecationUtils.kt:179)
	at org.jetbrains.kotlin.fir.deserialization.FirMemberDeserializer.loadFunction(FirMemberDeserializer.kt:656)
	at org.jetbrains.kotlin.fir.deserialization.FirMemberDeserializer.loadFunction$default(FirMemberDeserializer.kt:585)
	at org.jetbrains.kotlin.fir.deserialization.ClassDeserializationKt.deserializeClassToSymbol(ClassDeserialization.kt:145)
	at org.jetbrains.kotlin.fir.deserialization.AbstractFirDeserializedSymbolProvider.findAndDeserializeClass(AbstractFirDeserializedSymbolProvider.kt:235)
	at org.jetbrains.kotlin.fir.deserialization.AbstractFirDeserializedSymbolProvider.classCache$lambda$5(AbstractFirDeserializedSymbolProvider.kt:163)
	at org.jetbrains.kotlin.fir.deserialization.AbstractFirDeserializedSymbolProvider$$Lambda/0x00000070014de380.invoke(Unknown Source)
	at org.jetbrains.kotlin.fir.caches.FirThreadUnsafeCacheWithPostCompute.getValue(FirThreadUnsafeCachesFactory.kt:75)
	at org.jetbrains.kotlin.fir.deserialization.AbstractFirDeserializedSymbolProvider.getClass(AbstractFirDeserializedSymbolProvider.kt:315)
	at org.jetbrains.kotlin.fir.deserialization.AbstractFirDeserializedSymbolProvider.getClass$default(AbstractFirDeserializedSymbolProvider.kt:298)
	at org.jetbrains.kotlin.fir.deserialization.AbstractFirDeserializedSymbolProvider.getClassLikeSymbolByClassId(AbstractFirDeserializedSymbolProvider.kt:372)
	at org.jetbrains.kotlin.fir.resolve.providers.impl.FirCachingCompositeSymbolProvider.computeClass(FirCachingCompositeSymbolProvider.kt:147)
	at org.jetbrains.kotlin.fir.resolve.providers.impl.FirCachingCompositeSymbolProvider.access$computeClass(FirCachingCompositeSymbolProvider.kt:27)
	at org.jetbrains.kotlin.fir.resolve.providers.impl.FirCachingCompositeSymbolProvider$special$$inlined$createCache$1.invoke(FirCachesFactory.kt:163)
	at org.jetbrains.kotlin.fir.resolve.providers.impl.FirCachingCompositeSymbolProvider$special$$inlined$createCache$1.invoke(FirCachesFactory.kt:147)
	at org.jetbrains.kotlin.fir.caches.FirThreadUnsafeCache.getValue(FirThreadUnsafeCachesFactory.kt:57)
	at org.jetbrains.kotlin.fir.resolve.providers.impl.FirCachingCompositeSymbolProvider.getClassLikeSymbolByClassId(FirCachingCompositeSymbolProvider.kt:174)
	at org.jetbrains.kotlin.fir.resolve.ToSymbolUtilsKt.toSymbol(ToSymbolUtils.kt:57)
	at org.jetbrains.kotlin.fir.resolve.ToSymbolUtilsKt.toTypeAliasSymbol(ToSymbolUtils.kt:77)
	at org.jetbrains.kotlin.fir.resolve.TypeExpansionUtilsKt.directExpansionType(TypeExpansionUtils.kt:120)
	at org.jetbrains.kotlin.fir.resolve.TypeExpansionUtilsKt.fullyExpandedTypeNoCache(TypeExpansionUtils.kt:107)
	at org.jetbrains.kotlin.fir.resolve.TypeExpansionUtilsKt.fullyExpandedType(TypeExpansionUtils.kt:45)
	at org.jetbrains.kotlin.fir.resolve.SupertypeUtilsKt.computePartialExpansion(SupertypeUtils.kt:234)
	at org.jetbrains.kotlin.fir.resolve.SupertypeUtilsKt.collectSuperTypes(SupertypeUtils.kt:250)
	at org.jetbrains.kotlin.fir.resolve.SupertypeUtilsKt.lookupSuperTypes(SupertypeUtils.kt:93)
	at org.jetbrains.kotlin.fir.resolve.SupertypeUtilsKt.lookupSuperTypes$default(SupertypeUtils.kt:84)
	at org.jetbrains.kotlin.fir.scopes.FirKotlinScopeProvider.getUseSiteMemberScope(FirKotlinScopeProvider.kt:79)
	at org.jetbrains.kotlin.fir.scopes.FirKotlinScopeProviderKt.unsubstitutedScope(FirKotlinScopeProvider.kt:216)
	at org.jetbrains.kotlin.fir.scopes.FirKotlinScopeProviderKt.scopeForClassImpl(FirKotlinScopeProvider.kt:301)
	at org.jetbrains.kotlin.fir.scopes.FirKotlinScopeProviderKt.scopeForSupertype(FirKotlinScopeProvider.kt:266)


